<?xml version="1.0" encoding="UTF-8"?>
<!-- Generated by org.testng.reporters.JUnitXMLReporter -->
<testsuite hostname="ONEs-MacBook-Pro.local" ignored="0" name="Atlas app test" tests="100" failures="8" timestamp="2021-08-25T16:16:03 IST" time="910.411" errors="0">
  <testcase name="verifyEventFilterOptionsTest" time="2.162" classname="com.atlas.automation.tests.EventsPageTest"/>
  <testcase name="filterByShowType" time="3.682" classname="com.atlas.automation.tests.EventsPageTest"/>
  <testcase name="filterByEventVenue" time="1.602" classname="com.atlas.automation.tests.EventsPageTest">
    <failure type="org.openqa.selenium.ElementClickInterceptedException" message="element click intercepted: Element &amp;lt;div class=&amp;quot; css-1wa3eu0-placeholder&amp;quot;&amp;gt;...&amp;lt;/div&amp;gt; is not clickable at point (698, 278). Other element would receive the click: &amp;lt;div class=&amp;quot;MuiFormControl-root MuiFormControl-fullWidth&amp;quot;&amp;gt;...&amp;lt;/div&amp;gt;
  (Session info: chrome=92.0.4515.159)
Build info: version: &amp;apos;3.141.59&amp;apos;, revision: &amp;apos;e82be7d358&amp;apos;, time: &amp;apos;2018-11-14T08:17:03&amp;apos;
System info: host: &amp;apos;ONEs-MacBook-Pro.local&amp;apos;, ip: &amp;apos;2406:7400:73:ea15:817a:be28:8ee4:89aa%en0&amp;apos;, os.name: &amp;apos;Mac OS X&amp;apos;, os.arch: &amp;apos;x86_64&amp;apos;, os.version: &amp;apos;10.16&amp;apos;, java.version: &amp;apos;1.8.0_261&amp;apos;
Driver info: org.openqa.selenium.chrome.ChromeDriver
Capabilities {acceptInsecureCerts: false, browserName: chrome, browserVersion: 92.0.4515.159, chrome: {chromedriverVersion: 91.0.4472.101 (af52a90bf870..., userDataDir: /var/folders/2l/293xf3k53ys...}, goog:chromeOptions: {debuggerAddress: localhost:55406}, javascriptEnabled: true, networkConnectionEnabled: false, pageLoadStrategy: normal, platform: MAC, platformName: MAC, proxy: Proxy(), setWindowRect: true, strictFileInteractability: false, timeouts: {implicit: 0, pageLoad: 300000, script: 30000}, unhandledPromptBehavior: dismiss and notify, webauthn:extension:largeBlob: true, webauthn:virtualAuthenticators: true}
Session ID: e8bcb13d4aa0591a0ffdbc5ec76afdff">
      <![CDATA[org.openqa.selenium.ElementClickInterceptedException: element click intercepted: Element <div class=" css-1wa3eu0-placeholder">...</div> is not clickable at point (698, 278). Other element would receive the click: <div class="MuiFormControl-root MuiFormControl-fullWidth">...</div>
  (Session info: chrome=92.0.4515.159)
Build info: version: '3.141.59', revision: 'e82be7d358', time: '2018-11-14T08:17:03'
System info: host: 'ONEs-MacBook-Pro.local', ip: '2406:7400:73:ea15:817a:be28:8ee4:89aa%en0', os.name: 'Mac OS X', os.arch: 'x86_64', os.version: '10.16', java.version: '1.8.0_261'
Driver info: org.openqa.selenium.chrome.ChromeDriver
Capabilities {acceptInsecureCerts: false, browserName: chrome, browserVersion: 92.0.4515.159, chrome: {chromedriverVersion: 91.0.4472.101 (af52a90bf870..., userDataDir: /var/folders/2l/293xf3k53ys...}, goog:chromeOptions: {debuggerAddress: localhost:55406}, javascriptEnabled: true, networkConnectionEnabled: false, pageLoadStrategy: normal, platform: MAC, platformName: MAC, proxy: Proxy(), setWindowRect: true, strictFileInteractability: false, timeouts: {implicit: 0, pageLoad: 300000, script: 30000}, unhandledPromptBehavior: dismiss and notify, webauthn:extension:largeBlob: true, webauthn:virtualAuthenticators: true}
Session ID: e8bcb13d4aa0591a0ffdbc5ec76afdff
at org.openqa.selenium.remote.http.W3CHttpResponseCodec.createException(W3CHttpResponseCodec.java:187)
at org.openqa.selenium.remote.http.W3CHttpResponseCodec.decode(W3CHttpResponseCodec.java:122)
at org.openqa.selenium.remote.http.W3CHttpResponseCodec.decode(W3CHttpResponseCodec.java:49)
at org.openqa.selenium.remote.HttpCommandExecutor.execute(HttpCommandExecutor.java:158)
at org.openqa.selenium.remote.service.DriverCommandExecutor.execute(DriverCommandExecutor.java:83)
at org.openqa.selenium.remote.RemoteWebDriver.execute(RemoteWebDriver.java:552)
at org.openqa.selenium.remote.RemoteWebElement.execute(RemoteWebElement.java:285)
at org.openqa.selenium.remote.RemoteWebElement.click(RemoteWebElement.java:84)
at org.openqa.selenium.support.events.EventFiringWebDriver$EventFiringWebElement.lambda$new$0(EventFiringWebDriver.java:404)
at com.sun.proxy.$Proxy13.click(Unknown Source)
at org.openqa.selenium.support.events.EventFiringWebDriver$EventFiringWebElement.click(EventFiringWebDriver.java:417)
at org.openqa.selenium.support.pagefactory.internal.LocatingElementHandler.invoke(LocatingElementHandler.java:51)
at com.sun.proxy.$Proxy11.click(Unknown Source)
at com.atlas.automation.actions.WebdriverActions.waitForElementToBeClickable(WebdriverActions.java:56)
at com.atlas.automation.pages.EventsPage.venueFilter(EventsPage.java:960)
at com.atlas.automation.tests.EventsPageTest.filterByEventVenue(EventsPageTest.java:78)
at java.util.ArrayList.forEach(ArrayList.java:1259)
... Removed 37 stack frames]]>
    </failure>
  </testcase> <!-- filterByEventVenue -->
  <testcase name="filterByEventByShowtypeandvenue" time="11.147" classname="com.atlas.automation.tests.EventsPageTest"/>
  <testcase name="eventSearchByNameTest" time="5.567" classname="com.atlas.automation.tests.EventsPageTest"/>
  <testcase name="eventSearchByNamewithfilterTest" time="5.59" classname="com.atlas.automation.tests.EventsPageTest"/>
  <testcase name="clearFilter" time="20.14" classname="com.atlas.automation.tests.EventsPageTest"/>
  <testcase name="pastEventNavigation" time="3.326" classname="com.atlas.automation.tests.EventsPageTest"/>
  <testcase name="allEventNavigation" time="2.752" classname="com.atlas.automation.tests.EventsPageTest"/>
  <testcase name="sortbyascendingorder" time="4.172" classname="com.atlas.automation.tests.EventsPageTest"/>
  <testcase name="sortbyDescendingOrder" time="3.117" classname="com.atlas.automation.tests.EventsPageTest"/>
  <testcase name="navigation" time="4.681" classname="com.atlas.automation.tests.EventsPageTest"/>
  <testcase name="duplicateEventCreationTest" time="2.662" classname="com.atlas.automation.tests.EventsPageTest"/>
  <testcase name="searchvenueFilter" time="0.347" classname="com.atlas.automation.tests.EventsPageTest"/>
  <testcase name="searchTypeFilter" time="3.305" classname="com.atlas.automation.tests.EventsPageTest"/>
  <testcase name="addEventPopupTest" time="0.301" classname="com.atlas.automation.tests.EventsPageTest"/>
  <testcase name="createEventwithoutShowTitle" time="0.584" classname="com.atlas.automation.tests.EventsPageTest"/>
  <testcase name="createEventwithoutShowTypeField" time="0.596" classname="com.atlas.automation.tests.EventsPageTest"/>
  <testcase name="cancelEvent" time="2.003" classname="com.atlas.automation.tests.EventsPageTest"/>
  <testcase name="createNewEventTest" time="4.147" classname="com.atlas.automation.tests.EventsPageTest"/>
  <testcase name="detailTabTest" time="3.203" classname="com.atlas.automation.tests.EventsPageTest"/>
  <testcase name="boutpageTabTest" time="4.185" classname="com.atlas.automation.tests.EventsPageTest"/>
  <testcase name="addBoutPopupTest" time="0.411" classname="com.atlas.automation.tests.EventsPageTest"/>
  <testcase name="boutCardAdditionWithoutAthleteName" time="2.513" classname="com.atlas.automation.tests.EventsPageTest"/>
  <testcase name="boutCardAdditionWithoutWeightclass" time="3.654" classname="com.atlas.automation.tests.EventsPageTest"/>
  <testcase name="boutCardAdditionWithoutstyle" time="0.978" classname="com.atlas.automation.tests.EventsPageTest"/>
  <testcase name="boutCardAdditionWithoutCatchweight" time="1.337" classname="com.atlas.automation.tests.EventsPageTest"/>
  <testcase name="searchAthlete" time="2.782" classname="com.atlas.automation.tests.EventsPageTest"/>
  <testcase name="searchChampionship" time="0.385" classname="com.atlas.automation.tests.EventsPageTest"/>
  <testcase name="searchstyle" time="0.41" classname="com.atlas.automation.tests.EventsPageTest"/>
  <testcase name="boutAdditionCancel" time="0.811" classname="com.atlas.automation.tests.EventsPageTest"/>
  <testcase name="addBoutcards" time="29.926" classname="com.atlas.automation.tests.EventsPageTest"/>
  <testcase name="markAllasConfirmed" time="26.866" classname="com.atlas.automation.tests.EventsPageTest"/>
  <testcase name="nonChampionshipBoutToChampionshipBout" time="0.511" classname="com.atlas.automation.tests.EventsPageTest"/>
  <testcase name="championshipBoutToNonChampionshipBout" time="6.187" classname="com.atlas.automation.tests.EventsPageTest"/>
  <testcase name="deleteBoutcard" time="11.268" classname="com.atlas.automation.tests.EventsPageTest"/>
  <testcase name="athletebothReplace" time="8.06" classname="com.atlas.automation.tests.EventsPageTest"/>
  <testcase name="athletesingleReplace" time="10.715" classname="com.atlas.automation.tests.EventsPageTest"/>
  <testcase name="confirmToUnconfirm" time="6.043" classname="com.atlas.automation.tests.EventsPageTest"/>
  <testcase name="unconfirmToconfirm" time="5.668" classname="com.atlas.automation.tests.EventsPageTest"/>
  <testcase name="superseries" time="9.649" classname="com.atlas.automation.tests.EventsPageTest"/>
  <testcase name="boutCardAdditionWithCatchweightvalue" time="7.265" classname="com.atlas.automation.tests.EventsPageTest"/>
  <testcase name="athleteClick" time="0.556" classname="com.atlas.automation.tests.EventsPageTest"/>
  <testcase name="creativeTabTest" time="2.789" classname="com.atlas.automation.tests.EventsPageTest"/>
  <testcase name="creativeWithwrongDimension" time="23.078" classname="com.atlas.automation.tests.EventsPageTest"/>
  <testcase name="creativeUpload" time="62.134" classname="com.atlas.automation.tests.EventsPageTest"/>
  <testcase name="deletecreative" time="36.522" classname="com.atlas.automation.tests.EventsPageTest">
    <failure type="org.openqa.selenium.NoSuchElementException" message="no such element: Unable to locate element: {&amp;quot;method&amp;quot;:&amp;quot;xpath&amp;quot;,&amp;quot;selector&amp;quot;:&amp;quot;//*[text()=&amp;apos;Event details updated successfully.&amp;apos;]&amp;quot;}
  (Session info: chrome=92.0.4515.159)
For documentation on this error, please visit: https://www.seleniumhq.org/exceptions/no_such_element.html
Build info: version: &amp;apos;3.141.59&amp;apos;, revision: &amp;apos;e82be7d358&amp;apos;, time: &amp;apos;2018-11-14T08:17:03&amp;apos;
System info: host: &amp;apos;ONEs-MacBook-Pro.local&amp;apos;, ip: &amp;apos;2406:7400:73:ea15:817a:be28:8ee4:89aa%en0&amp;apos;, os.name: &amp;apos;Mac OS X&amp;apos;, os.arch: &amp;apos;x86_64&amp;apos;, os.version: &amp;apos;10.16&amp;apos;, java.version: &amp;apos;1.8.0_261&amp;apos;
Driver info: org.openqa.selenium.chrome.ChromeDriver
Capabilities {acceptInsecureCerts: false, browserName: chrome, browserVersion: 92.0.4515.159, chrome: {chromedriverVersion: 91.0.4472.101 (af52a90bf870..., userDataDir: /var/folders/2l/293xf3k53ys...}, goog:chromeOptions: {debuggerAddress: localhost:55406}, javascriptEnabled: true, networkConnectionEnabled: false, pageLoadStrategy: normal, platform: MAC, platformName: MAC, proxy: Proxy(), setWindowRect: true, strictFileInteractability: false, timeouts: {implicit: 0, pageLoad: 300000, script: 30000}, unhandledPromptBehavior: dismiss and notify, webauthn:extension:largeBlob: true, webauthn:virtualAuthenticators: true}
Session ID: e8bcb13d4aa0591a0ffdbc5ec76afdff
*** Element info: {Using=xpath, value=//*[text()=&amp;apos;Event details updated successfully.&amp;apos;]}">
      <![CDATA[org.openqa.selenium.NoSuchElementException: no such element: Unable to locate element: {"method":"xpath","selector":"//*[text()='Event details updated successfully.']"}
  (Session info: chrome=92.0.4515.159)
For documentation on this error, please visit: https://www.seleniumhq.org/exceptions/no_such_element.html
Build info: version: '3.141.59', revision: 'e82be7d358', time: '2018-11-14T08:17:03'
System info: host: 'ONEs-MacBook-Pro.local', ip: '2406:7400:73:ea15:817a:be28:8ee4:89aa%en0', os.name: 'Mac OS X', os.arch: 'x86_64', os.version: '10.16', java.version: '1.8.0_261'
Driver info: org.openqa.selenium.chrome.ChromeDriver
Capabilities {acceptInsecureCerts: false, browserName: chrome, browserVersion: 92.0.4515.159, chrome: {chromedriverVersion: 91.0.4472.101 (af52a90bf870..., userDataDir: /var/folders/2l/293xf3k53ys...}, goog:chromeOptions: {debuggerAddress: localhost:55406}, javascriptEnabled: true, networkConnectionEnabled: false, pageLoadStrategy: normal, platform: MAC, platformName: MAC, proxy: Proxy(), setWindowRect: true, strictFileInteractability: false, timeouts: {implicit: 0, pageLoad: 300000, script: 30000}, unhandledPromptBehavior: dismiss and notify, webauthn:extension:largeBlob: true, webauthn:virtualAuthenticators: true}
Session ID: e8bcb13d4aa0591a0ffdbc5ec76afdff
*** Element info: {Using=xpath, value=//*[text()='Event details updated successfully.']}
at org.openqa.selenium.remote.http.W3CHttpResponseCodec.createException(W3CHttpResponseCodec.java:187)
at org.openqa.selenium.remote.http.W3CHttpResponseCodec.decode(W3CHttpResponseCodec.java:122)
at org.openqa.selenium.remote.http.W3CHttpResponseCodec.decode(W3CHttpResponseCodec.java:49)
at org.openqa.selenium.remote.HttpCommandExecutor.execute(HttpCommandExecutor.java:158)
at org.openqa.selenium.remote.service.DriverCommandExecutor.execute(DriverCommandExecutor.java:83)
at org.openqa.selenium.remote.RemoteWebDriver.execute(RemoteWebDriver.java:552)
at org.openqa.selenium.remote.RemoteWebDriver.findElement(RemoteWebDriver.java:323)
at org.openqa.selenium.remote.RemoteWebDriver.findElementByXPath(RemoteWebDriver.java:428)
at org.openqa.selenium.By$ByXPath.findElement(By.java:353)
at org.openqa.selenium.remote.RemoteWebDriver.findElement(RemoteWebDriver.java:315)
at org.openqa.selenium.support.events.EventFiringWebDriver.lambda$new$1(EventFiringWebDriver.java:105)
at com.sun.proxy.$Proxy7.findElement(Unknown Source)
at org.openqa.selenium.support.events.EventFiringWebDriver.findElement(EventFiringWebDriver.java:194)
at org.openqa.selenium.support.pagefactory.DefaultElementLocator.findElement(DefaultElementLocator.java:69)
at org.openqa.selenium.support.pagefactory.internal.LocatingElementHandler.invoke(LocatingElementHandler.java:38)
at com.sun.proxy.$Proxy11.isDisplayed(Unknown Source)
at com.atlas.automation.tests.EventsPageTest.deletecreative(EventsPageTest.java:750)
at java.util.ArrayList.forEach(ArrayList.java:1259)
... Removed 34 stack frames]]>
    </failure>
  </testcase> <!-- deletecreative -->
  <testcase name="creativecheckwithvenueaddition" time="7.367" classname="com.atlas.automation.tests.EventsPageTest"/>
  <testcase name="CreativecheckwithvenueEdit" time="5.679" classname="com.atlas.automation.tests.EventsPageTest"/>
  <testcase name="eventDetailsEdit" time="0.665" classname="com.atlas.automation.tests.EventsPageTest"/>
  <testcase name="description" time="18.183" classname="com.atlas.automation.tests.EventsPageTest"/>
  <testcase name="appsettingTabTest" time="7.35" classname="com.atlas.automation.tests.EventsPageTest"/>
  <testcase name="tagsdropdownTest" time="5.596" classname="com.atlas.automation.tests.EventsPageTest">
    <failure type="org.openqa.selenium.StaleElementReferenceException" message="stale element reference: element is not attached to the page document
  (Session info: chrome=92.0.4515.159)
For documentation on this error, please visit: https://www.seleniumhq.org/exceptions/stale_element_reference.html
Build info: version: &amp;apos;3.141.59&amp;apos;, revision: &amp;apos;e82be7d358&amp;apos;, time: &amp;apos;2018-11-14T08:17:03&amp;apos;
System info: host: &amp;apos;ONEs-MacBook-Pro.local&amp;apos;, ip: &amp;apos;2406:7400:73:ea15:817a:be28:8ee4:89aa%en0&amp;apos;, os.name: &amp;apos;Mac OS X&amp;apos;, os.arch: &amp;apos;x86_64&amp;apos;, os.version: &amp;apos;10.16&amp;apos;, java.version: &amp;apos;1.8.0_261&amp;apos;
Driver info: org.openqa.selenium.chrome.ChromeDriver
Capabilities {acceptInsecureCerts: false, browserName: chrome, browserVersion: 92.0.4515.159, chrome: {chromedriverVersion: 91.0.4472.101 (af52a90bf870..., userDataDir: /var/folders/2l/293xf3k53ys...}, goog:chromeOptions: {debuggerAddress: localhost:55406}, javascriptEnabled: true, networkConnectionEnabled: false, pageLoadStrategy: normal, platform: MAC, platformName: MAC, proxy: Proxy(), setWindowRect: true, strictFileInteractability: false, timeouts: {implicit: 0, pageLoad: 300000, script: 30000}, unhandledPromptBehavior: dismiss and notify, webauthn:extension:largeBlob: true, webauthn:virtualAuthenticators: true}
Session ID: e8bcb13d4aa0591a0ffdbc5ec76afdff">
      <![CDATA[org.openqa.selenium.StaleElementReferenceException: stale element reference: element is not attached to the page document
  (Session info: chrome=92.0.4515.159)
For documentation on this error, please visit: https://www.seleniumhq.org/exceptions/stale_element_reference.html
Build info: version: '3.141.59', revision: 'e82be7d358', time: '2018-11-14T08:17:03'
System info: host: 'ONEs-MacBook-Pro.local', ip: '2406:7400:73:ea15:817a:be28:8ee4:89aa%en0', os.name: 'Mac OS X', os.arch: 'x86_64', os.version: '10.16', java.version: '1.8.0_261'
Driver info: org.openqa.selenium.chrome.ChromeDriver
Capabilities {acceptInsecureCerts: false, browserName: chrome, browserVersion: 92.0.4515.159, chrome: {chromedriverVersion: 91.0.4472.101 (af52a90bf870..., userDataDir: /var/folders/2l/293xf3k53ys...}, goog:chromeOptions: {debuggerAddress: localhost:55406}, javascriptEnabled: true, networkConnectionEnabled: false, pageLoadStrategy: normal, platform: MAC, platformName: MAC, proxy: Proxy(), setWindowRect: true, strictFileInteractability: false, timeouts: {implicit: 0, pageLoad: 300000, script: 30000}, unhandledPromptBehavior: dismiss and notify, webauthn:extension:largeBlob: true, webauthn:virtualAuthenticators: true}
Session ID: e8bcb13d4aa0591a0ffdbc5ec76afdff
at org.openqa.selenium.remote.http.W3CHttpResponseCodec.createException(W3CHttpResponseCodec.java:187)
at org.openqa.selenium.remote.http.W3CHttpResponseCodec.decode(W3CHttpResponseCodec.java:122)
at org.openqa.selenium.remote.http.W3CHttpResponseCodec.decode(W3CHttpResponseCodec.java:49)
at org.openqa.selenium.remote.HttpCommandExecutor.execute(HttpCommandExecutor.java:158)
at org.openqa.selenium.remote.service.DriverCommandExecutor.execute(DriverCommandExecutor.java:83)
at org.openqa.selenium.remote.RemoteWebDriver.execute(RemoteWebDriver.java:552)
at org.openqa.selenium.remote.RemoteWebElement.execute(RemoteWebElement.java:285)
at org.openqa.selenium.remote.RemoteWebElement.click(RemoteWebElement.java:84)
at org.openqa.selenium.support.events.EventFiringWebDriver$EventFiringWebElement.lambda$new$0(EventFiringWebDriver.java:404)
at com.sun.proxy.$Proxy13.click(Unknown Source)
at org.openqa.selenium.support.events.EventFiringWebDriver$EventFiringWebElement.click(EventFiringWebDriver.java:417)
at org.openqa.selenium.support.pagefactory.internal.LocatingElementHandler.invoke(LocatingElementHandler.java:51)
at com.sun.proxy.$Proxy11.click(Unknown Source)
at com.atlas.automation.pages.EventsPage.createnewEvent(EventsPage.java:992)
at com.atlas.automation.tests.EventsPageTest.tagsdropdownTest(EventsPageTest.java:840)
at java.util.ArrayList.forEach(ArrayList.java:1259)
... Removed 37 stack frames]]>
    </failure>
  </testcase> <!-- tagsdropdownTest -->
  <testcase name="tagsearchDropdownTest" time="20.525" classname="com.atlas.automation.tests.EventsPageTest">
    <failure type="org.openqa.selenium.NoSuchElementException" message="no such element: Unable to locate element: {&amp;quot;method&amp;quot;:&amp;quot;xpath&amp;quot;,&amp;quot;selector&amp;quot;:&amp;quot;(//div[@class=&amp;apos;MuiFormControl-root MuiFormControl-fullWidth&amp;apos;])[7]&amp;quot;}
  (Session info: chrome=92.0.4515.159)
For documentation on this error, please visit: https://www.seleniumhq.org/exceptions/no_such_element.html
Build info: version: &amp;apos;3.141.59&amp;apos;, revision: &amp;apos;e82be7d358&amp;apos;, time: &amp;apos;2018-11-14T08:17:03&amp;apos;
System info: host: &amp;apos;ONEs-MacBook-Pro.local&amp;apos;, ip: &amp;apos;2406:7400:73:ea15:817a:be28:8ee4:89aa%en0&amp;apos;, os.name: &amp;apos;Mac OS X&amp;apos;, os.arch: &amp;apos;x86_64&amp;apos;, os.version: &amp;apos;10.16&amp;apos;, java.version: &amp;apos;1.8.0_261&amp;apos;
Driver info: org.openqa.selenium.chrome.ChromeDriver
Capabilities {acceptInsecureCerts: false, browserName: chrome, browserVersion: 92.0.4515.159, chrome: {chromedriverVersion: 91.0.4472.101 (af52a90bf870..., userDataDir: /var/folders/2l/293xf3k53ys...}, goog:chromeOptions: {debuggerAddress: localhost:55406}, javascriptEnabled: true, networkConnectionEnabled: false, pageLoadStrategy: normal, platform: MAC, platformName: MAC, proxy: Proxy(), setWindowRect: true, strictFileInteractability: false, timeouts: {implicit: 0, pageLoad: 300000, script: 30000}, unhandledPromptBehavior: dismiss and notify, webauthn:extension:largeBlob: true, webauthn:virtualAuthenticators: true}
Session ID: e8bcb13d4aa0591a0ffdbc5ec76afdff
*** Element info: {Using=xpath, value=(//div[@class=&amp;apos;MuiFormControl-root MuiFormControl-fullWidth&amp;apos;])[7]}">
      <![CDATA[org.openqa.selenium.NoSuchElementException: no such element: Unable to locate element: {"method":"xpath","selector":"(//div[@class='MuiFormControl-root MuiFormControl-fullWidth'])[7]"}
  (Session info: chrome=92.0.4515.159)
For documentation on this error, please visit: https://www.seleniumhq.org/exceptions/no_such_element.html
Build info: version: '3.141.59', revision: 'e82be7d358', time: '2018-11-14T08:17:03'
System info: host: 'ONEs-MacBook-Pro.local', ip: '2406:7400:73:ea15:817a:be28:8ee4:89aa%en0', os.name: 'Mac OS X', os.arch: 'x86_64', os.version: '10.16', java.version: '1.8.0_261'
Driver info: org.openqa.selenium.chrome.ChromeDriver
Capabilities {acceptInsecureCerts: false, browserName: chrome, browserVersion: 92.0.4515.159, chrome: {chromedriverVersion: 91.0.4472.101 (af52a90bf870..., userDataDir: /var/folders/2l/293xf3k53ys...}, goog:chromeOptions: {debuggerAddress: localhost:55406}, javascriptEnabled: true, networkConnectionEnabled: false, pageLoadStrategy: normal, platform: MAC, platformName: MAC, proxy: Proxy(), setWindowRect: true, strictFileInteractability: false, timeouts: {implicit: 0, pageLoad: 300000, script: 30000}, unhandledPromptBehavior: dismiss and notify, webauthn:extension:largeBlob: true, webauthn:virtualAuthenticators: true}
Session ID: e8bcb13d4aa0591a0ffdbc5ec76afdff
*** Element info: {Using=xpath, value=(//div[@class='MuiFormControl-root MuiFormControl-fullWidth'])[7]}
at org.openqa.selenium.remote.http.W3CHttpResponseCodec.createException(W3CHttpResponseCodec.java:187)
at org.openqa.selenium.remote.http.W3CHttpResponseCodec.decode(W3CHttpResponseCodec.java:122)
at org.openqa.selenium.remote.http.W3CHttpResponseCodec.decode(W3CHttpResponseCodec.java:49)
at org.openqa.selenium.remote.HttpCommandExecutor.execute(HttpCommandExecutor.java:158)
at org.openqa.selenium.remote.service.DriverCommandExecutor.execute(DriverCommandExecutor.java:83)
at org.openqa.selenium.remote.RemoteWebDriver.execute(RemoteWebDriver.java:552)
at org.openqa.selenium.remote.RemoteWebDriver.findElement(RemoteWebDriver.java:323)
at org.openqa.selenium.remote.RemoteWebDriver.findElementByXPath(RemoteWebDriver.java:428)
at org.openqa.selenium.By$ByXPath.findElement(By.java:353)
at org.openqa.selenium.remote.RemoteWebDriver.findElement(RemoteWebDriver.java:315)
at org.openqa.selenium.support.events.EventFiringWebDriver.lambda$new$1(EventFiringWebDriver.java:105)
at com.sun.proxy.$Proxy7.findElement(Unknown Source)
at org.openqa.selenium.support.events.EventFiringWebDriver.findElement(EventFiringWebDriver.java:194)
at org.openqa.selenium.support.pagefactory.DefaultElementLocator.findElement(DefaultElementLocator.java:69)
at org.openqa.selenium.support.pagefactory.internal.LocatingElementHandler.invoke(LocatingElementHandler.java:38)
at com.sun.proxy.$Proxy11.click(Unknown Source)
at com.atlas.automation.tests.EventsPageTest.tagsearchDropdownTest(EventsPageTest.java:858)
at java.util.ArrayList.forEach(ArrayList.java:1259)
... Removed 34 stack frames]]>
    </failure>
  </testcase> <!-- tagsearchDropdownTest -->
  <testcase name="invalidsearchDropdownTest" time="21.401" classname="com.atlas.automation.tests.EventsPageTest">
    <failure type="org.openqa.selenium.NoSuchElementException" message="no such element: Unable to locate element: {&amp;quot;method&amp;quot;:&amp;quot;xpath&amp;quot;,&amp;quot;selector&amp;quot;:&amp;quot;(//div[@class=&amp;apos;MuiFormControl-root MuiFormControl-fullWidth&amp;apos;])[7]&amp;quot;}
  (Session info: chrome=92.0.4515.159)
For documentation on this error, please visit: https://www.seleniumhq.org/exceptions/no_such_element.html
Build info: version: &amp;apos;3.141.59&amp;apos;, revision: &amp;apos;e82be7d358&amp;apos;, time: &amp;apos;2018-11-14T08:17:03&amp;apos;
System info: host: &amp;apos;ONEs-MacBook-Pro.local&amp;apos;, ip: &amp;apos;2406:7400:73:ea15:817a:be28:8ee4:89aa%en0&amp;apos;, os.name: &amp;apos;Mac OS X&amp;apos;, os.arch: &amp;apos;x86_64&amp;apos;, os.version: &amp;apos;10.16&amp;apos;, java.version: &amp;apos;1.8.0_261&amp;apos;
Driver info: org.openqa.selenium.chrome.ChromeDriver
Capabilities {acceptInsecureCerts: false, browserName: chrome, browserVersion: 92.0.4515.159, chrome: {chromedriverVersion: 91.0.4472.101 (af52a90bf870..., userDataDir: /var/folders/2l/293xf3k53ys...}, goog:chromeOptions: {debuggerAddress: localhost:55406}, javascriptEnabled: true, networkConnectionEnabled: false, pageLoadStrategy: normal, platform: MAC, platformName: MAC, proxy: Proxy(), setWindowRect: true, strictFileInteractability: false, timeouts: {implicit: 0, pageLoad: 300000, script: 30000}, unhandledPromptBehavior: dismiss and notify, webauthn:extension:largeBlob: true, webauthn:virtualAuthenticators: true}
Session ID: e8bcb13d4aa0591a0ffdbc5ec76afdff
*** Element info: {Using=xpath, value=(//div[@class=&amp;apos;MuiFormControl-root MuiFormControl-fullWidth&amp;apos;])[7]}">
      <![CDATA[org.openqa.selenium.NoSuchElementException: no such element: Unable to locate element: {"method":"xpath","selector":"(//div[@class='MuiFormControl-root MuiFormControl-fullWidth'])[7]"}
  (Session info: chrome=92.0.4515.159)
For documentation on this error, please visit: https://www.seleniumhq.org/exceptions/no_such_element.html
Build info: version: '3.141.59', revision: 'e82be7d358', time: '2018-11-14T08:17:03'
System info: host: 'ONEs-MacBook-Pro.local', ip: '2406:7400:73:ea15:817a:be28:8ee4:89aa%en0', os.name: 'Mac OS X', os.arch: 'x86_64', os.version: '10.16', java.version: '1.8.0_261'
Driver info: org.openqa.selenium.chrome.ChromeDriver
Capabilities {acceptInsecureCerts: false, browserName: chrome, browserVersion: 92.0.4515.159, chrome: {chromedriverVersion: 91.0.4472.101 (af52a90bf870..., userDataDir: /var/folders/2l/293xf3k53ys...}, goog:chromeOptions: {debuggerAddress: localhost:55406}, javascriptEnabled: true, networkConnectionEnabled: false, pageLoadStrategy: normal, platform: MAC, platformName: MAC, proxy: Proxy(), setWindowRect: true, strictFileInteractability: false, timeouts: {implicit: 0, pageLoad: 300000, script: 30000}, unhandledPromptBehavior: dismiss and notify, webauthn:extension:largeBlob: true, webauthn:virtualAuthenticators: true}
Session ID: e8bcb13d4aa0591a0ffdbc5ec76afdff
*** Element info: {Using=xpath, value=(//div[@class='MuiFormControl-root MuiFormControl-fullWidth'])[7]}
at org.openqa.selenium.remote.http.W3CHttpResponseCodec.createException(W3CHttpResponseCodec.java:187)
at org.openqa.selenium.remote.http.W3CHttpResponseCodec.decode(W3CHttpResponseCodec.java:122)
at org.openqa.selenium.remote.http.W3CHttpResponseCodec.decode(W3CHttpResponseCodec.java:49)
at org.openqa.selenium.remote.HttpCommandExecutor.execute(HttpCommandExecutor.java:158)
at org.openqa.selenium.remote.service.DriverCommandExecutor.execute(DriverCommandExecutor.java:83)
at org.openqa.selenium.remote.RemoteWebDriver.execute(RemoteWebDriver.java:552)
at org.openqa.selenium.remote.RemoteWebDriver.findElement(RemoteWebDriver.java:323)
at org.openqa.selenium.remote.RemoteWebDriver.findElementByXPath(RemoteWebDriver.java:428)
at org.openqa.selenium.By$ByXPath.findElement(By.java:353)
at org.openqa.selenium.remote.RemoteWebDriver.findElement(RemoteWebDriver.java:315)
at org.openqa.selenium.support.events.EventFiringWebDriver.lambda$new$1(EventFiringWebDriver.java:105)
at com.sun.proxy.$Proxy7.findElement(Unknown Source)
at org.openqa.selenium.support.events.EventFiringWebDriver.findElement(EventFiringWebDriver.java:194)
at org.openqa.selenium.support.pagefactory.DefaultElementLocator.findElement(DefaultElementLocator.java:69)
at org.openqa.selenium.support.pagefactory.internal.LocatingElementHandler.invoke(LocatingElementHandler.java:38)
at com.sun.proxy.$Proxy11.click(Unknown Source)
at com.atlas.automation.tests.EventsPageTest.invalidsearchDropdownTest(EventsPageTest.java:870)
at java.util.ArrayList.forEach(ArrayList.java:1259)
... Removed 34 stack frames]]>
    </failure>
  </testcase> <!-- invalidsearchDropdownTest -->
  <testcase name="logTest" time="19.054" classname="com.atlas.automation.tests.EventsPageTest"/>
  <testcase name="additionofTagforBoutcreatedwithoutTag" time="20.188" classname="com.atlas.automation.tests.EventsPageTest"/>
  <testcase name="boutcreationwithtag" time="11.957" classname="com.atlas.automation.tests.EventsPageTest"/>
  <testcase name="addTagcancel" time="0.661" classname="com.atlas.automation.tests.EventsPageTest"/>
  <testcase name="tagDeletionancel" time="0.367" classname="com.atlas.automation.tests.EventsPageTest"/>
  <testcase name="tagAddition" time="7.633" classname="com.atlas.automation.tests.EventsPageTest"/>
  <testcase name="tagDeletion" time="14.755" classname="com.atlas.automation.tests.EventsPageTest"/>
  <testcase name="confirmedBoutTagTest" time="35.885" classname="com.atlas.automation.tests.EventsPageTest"/>
  <testcase name="eventcreationwithnoTagTest" time="31.333" classname="com.atlas.automation.tests.EventsPageTest"/>
  <testcase name="publishtoteamEventcreationwithnoTagTest" time="17.265" classname="com.atlas.automation.tests.EventsPageTest"/>
  <testcase name="eventcreationwithsameTagTest" time="55.289" classname="com.atlas.automation.tests.EventsPageTest"/>
  <testcase name="eventcreationwithdifferentTagTest" time="34.609" classname="com.atlas.automation.tests.EventsPageTest"/>
  <testcase name="deletePermanentlyText" time="0.052" classname="com.atlas.automation.tests.EventsPageTest"/>
  <testcase name="deletePopTest" time="0.167" classname="com.atlas.automation.tests.EventsPageTest"/>
  <testcase name="deleteTextEnable" time="0.095" classname="com.atlas.automation.tests.EventsPageTest"/>
  <testcase name="deleteTextenable" time="0.231" classname="com.atlas.automation.tests.EventsPageTest"/>
  <testcase name="deleteCancelTest" time="0.135" classname="com.atlas.automation.tests.EventsPageTest"/>
  <testcase name="editCategorypopup" time="6.321" classname="com.atlas.automation.tests.AthleteRankingsPageTest"/>
  <testcase name="addNewCategorypopup" time="0.675" classname="com.atlas.automation.tests.AthleteRankingsPageTest"/>
  <testcase name="dropdownTest" time="1.569" classname="com.atlas.automation.tests.AthleteRankingsPageTest"/>
  <testcase name="addNewCategorycancel" time="1.459" classname="com.atlas.automation.tests.AthleteRankingsPageTest"/>
  <testcase name="addNewCategorywithoutTitle" time="1.029" classname="com.atlas.automation.tests.AthleteRankingsPageTest"/>
  <testcase name="hindiLocaleEditCategorypopup" time="4.031" classname="com.atlas.automation.tests.AthleteRankingsPageTest"/>
  <testcase name="bahasaLocaleEditCategorypopup" time="4.044" classname="com.atlas.automation.tests.AthleteRankingsPageTest"/>
  <testcase name="khmerLocaleEditCategorypopup" time="8.982" classname="com.atlas.automation.tests.AthleteRankingsPageTest"/>
  <testcase name="hindiLocaleTitleEditTest" time="9.066" classname="com.atlas.automation.tests.AthleteRankingsPageTest"/>
  <testcase name="bahasaLocaleTitleEditTest" time="13.354" classname="com.atlas.automation.tests.AthleteRankingsPageTest"/>
  <testcase name="khmerLocaleTitleEditTest" time="6.557" classname="com.atlas.automation.tests.AthleteRankingsPageTest">
    <failure type="org.openqa.selenium.ElementClickInterceptedException" message="element click intercepted: Element &amp;lt;button class=&amp;quot;MuiButtonBase-root MuiButton-root MuiButton-text MuiButton-colorInherit MuiButton-disableElevation&amp;quot; tabindex=&amp;quot;0&amp;quot; type=&amp;quot;button&amp;quot; aria-haspopup=&amp;quot;true&amp;quot; aria-label=&amp;quot;Change Language&amp;quot; title=&amp;quot;Change Language&amp;quot;&amp;gt;...&amp;lt;/button&amp;gt; is not clickable at point (1522, 72). Other element would receive the click: &amp;lt;div class=&amp;quot;MuiCollapse-container jss503 MuiCollapse-entered&amp;quot; style=&amp;quot;min-height: 0px;&amp;quot;&amp;gt;...&amp;lt;/div&amp;gt;
  (Session info: chrome=92.0.4515.159)
Build info: version: &amp;apos;3.141.59&amp;apos;, revision: &amp;apos;e82be7d358&amp;apos;, time: &amp;apos;2018-11-14T08:17:03&amp;apos;
System info: host: &amp;apos;ONEs-MacBook-Pro.local&amp;apos;, ip: &amp;apos;2406:7400:73:ea15:817a:be28:8ee4:89aa%en0&amp;apos;, os.name: &amp;apos;Mac OS X&amp;apos;, os.arch: &amp;apos;x86_64&amp;apos;, os.version: &amp;apos;10.16&amp;apos;, java.version: &amp;apos;1.8.0_261&amp;apos;
Driver info: org.openqa.selenium.chrome.ChromeDriver
Capabilities {acceptInsecureCerts: false, browserName: chrome, browserVersion: 92.0.4515.159, chrome: {chromedriverVersion: 91.0.4472.101 (af52a90bf870..., userDataDir: /var/folders/2l/293xf3k53ys...}, goog:chromeOptions: {debuggerAddress: localhost:55482}, javascriptEnabled: true, networkConnectionEnabled: false, pageLoadStrategy: normal, platform: MAC, platformName: MAC, proxy: Proxy(), setWindowRect: true, strictFileInteractability: false, timeouts: {implicit: 0, pageLoad: 300000, script: 30000}, unhandledPromptBehavior: dismiss and notify, webauthn:extension:largeBlob: true, webauthn:virtualAuthenticators: true}
Session ID: a2a0fdbde95d67142a729f68020b56a1">
      <![CDATA[org.openqa.selenium.ElementClickInterceptedException: element click intercepted: Element <button class="MuiButtonBase-root MuiButton-root MuiButton-text MuiButton-colorInherit MuiButton-disableElevation" tabindex="0" type="button" aria-haspopup="true" aria-label="Change Language" title="Change Language">...</button> is not clickable at point (1522, 72). Other element would receive the click: <div class="MuiCollapse-container jss503 MuiCollapse-entered" style="min-height: 0px;">...</div>
  (Session info: chrome=92.0.4515.159)
Build info: version: '3.141.59', revision: 'e82be7d358', time: '2018-11-14T08:17:03'
System info: host: 'ONEs-MacBook-Pro.local', ip: '2406:7400:73:ea15:817a:be28:8ee4:89aa%en0', os.name: 'Mac OS X', os.arch: 'x86_64', os.version: '10.16', java.version: '1.8.0_261'
Driver info: org.openqa.selenium.chrome.ChromeDriver
Capabilities {acceptInsecureCerts: false, browserName: chrome, browserVersion: 92.0.4515.159, chrome: {chromedriverVersion: 91.0.4472.101 (af52a90bf870..., userDataDir: /var/folders/2l/293xf3k53ys...}, goog:chromeOptions: {debuggerAddress: localhost:55482}, javascriptEnabled: true, networkConnectionEnabled: false, pageLoadStrategy: normal, platform: MAC, platformName: MAC, proxy: Proxy(), setWindowRect: true, strictFileInteractability: false, timeouts: {implicit: 0, pageLoad: 300000, script: 30000}, unhandledPromptBehavior: dismiss and notify, webauthn:extension:largeBlob: true, webauthn:virtualAuthenticators: true}
Session ID: a2a0fdbde95d67142a729f68020b56a1
at org.openqa.selenium.remote.http.W3CHttpResponseCodec.createException(W3CHttpResponseCodec.java:187)
at org.openqa.selenium.remote.http.W3CHttpResponseCodec.decode(W3CHttpResponseCodec.java:122)
at org.openqa.selenium.remote.http.W3CHttpResponseCodec.decode(W3CHttpResponseCodec.java:49)
at org.openqa.selenium.remote.HttpCommandExecutor.execute(HttpCommandExecutor.java:158)
at org.openqa.selenium.remote.service.DriverCommandExecutor.execute(DriverCommandExecutor.java:83)
at org.openqa.selenium.remote.RemoteWebDriver.execute(RemoteWebDriver.java:552)
at org.openqa.selenium.remote.RemoteWebElement.execute(RemoteWebElement.java:285)
at org.openqa.selenium.remote.RemoteWebElement.click(RemoteWebElement.java:84)
at org.openqa.selenium.support.events.EventFiringWebDriver$EventFiringWebElement.lambda$new$0(EventFiringWebDriver.java:404)
at com.sun.proxy.$Proxy13.click(Unknown Source)
at org.openqa.selenium.support.events.EventFiringWebDriver$EventFiringWebElement.click(EventFiringWebDriver.java:417)
at org.openqa.selenium.support.pagefactory.internal.LocatingElementHandler.invoke(LocatingElementHandler.java:51)
at com.sun.proxy.$Proxy11.click(Unknown Source)
at com.atlas.automation.actions.WebdriverActions.waitForElementToBeClickable(WebdriverActions.java:56)
at com.atlas.automation.tests.AthleteRankingsPageTest.khmerLocaleTitleEditTest(AthleteRankingsPageTest.java:195)
at java.util.ArrayList.forEach(ArrayList.java:1259)
... Removed 37 stack frames]]>
    </failure>
  </testcase> <!-- khmerLocaleTitleEditTest -->
  <testcase name="addNewCategorywithonlyTitleandnorankers" time="19.476" classname="com.atlas.automation.tests.AthleteRankingsPageTest">
    <failure type="java.lang.AssertionError" message="expected [HeavyWeight] but found [LightHeavyWeight]">
      <![CDATA[java.lang.AssertionError: expected [HeavyWeight] but found [LightHeavyWeight]
at com.atlas.automation.tests.AthleteRankingsPageTest.addNewCategorywithonlyTitleandnorankers(AthleteRankingsPageTest.java:217)
at java.util.ArrayList.forEach(ArrayList.java:1259)
... Removed 33 stack frames]]>
    </failure>
  </testcase> <!-- addNewCategorywithonlyTitleandnorankers -->
  <testcase name="addNewRankwithoutathlete" time="8.904" classname="com.atlas.automation.tests.AthleteRankingsPageTest"/>
  <testcase name="addNewRank" time="11.627" classname="com.atlas.automation.tests.AthleteRankingsPageTest"/>
  <testcase name="checkHindiLocale" time="3.271" classname="com.atlas.automation.tests.AthleteRankingsPageTest"/>
  <testcase name="checkBahasaLocale" time="5.284" classname="com.atlas.automation.tests.AthleteRankingsPageTest"/>
  <testcase name="checkKhmerLocale" time="3.597" classname="com.atlas.automation.tests.AthleteRankingsPageTest"/>
  <testcase name="duplicateAthleteAddition" time="5.156" classname="com.atlas.automation.tests.AthleteRankingsPageTest"/>
  <testcase name="deleteRank" time="19.538" classname="com.atlas.automation.tests.AthleteRankingsPageTest"/>
  <testcase name="cancelRank" time="4.972" classname="com.atlas.automation.tests.AthleteRankingsPageTest"/>
  <testcase name="addNewRankwithoutchampion" time="6.591" classname="com.atlas.automation.tests.AthleteRankingsPageTest"/>
  <testcase name="removeChampion" time="4.717" classname="com.atlas.automation.tests.AthleteRankingsPageTest">
    <failure type="org.openqa.selenium.ElementClickInterceptedException" message="element click intercepted: Element &amp;lt;span class=&amp;quot;MuiButton-label&amp;quot;&amp;gt;...&amp;lt;/span&amp;gt; is not clickable at point (1456, 214). Other element would receive the click: &amp;lt;div class=&amp;quot;MuiGrid-root MuiGrid-item&amp;quot;&amp;gt;...&amp;lt;/div&amp;gt;
  (Session info: chrome=92.0.4515.159)
Build info: version: &amp;apos;3.141.59&amp;apos;, revision: &amp;apos;e82be7d358&amp;apos;, time: &amp;apos;2018-11-14T08:17:03&amp;apos;
System info: host: &amp;apos;ONEs-MacBook-Pro.local&amp;apos;, ip: &amp;apos;2406:7400:73:ea15:817a:be28:8ee4:89aa%en0&amp;apos;, os.name: &amp;apos;Mac OS X&amp;apos;, os.arch: &amp;apos;x86_64&amp;apos;, os.version: &amp;apos;10.16&amp;apos;, java.version: &amp;apos;1.8.0_261&amp;apos;
Driver info: org.openqa.selenium.chrome.ChromeDriver
Capabilities {acceptInsecureCerts: false, browserName: chrome, browserVersion: 92.0.4515.159, chrome: {chromedriverVersion: 91.0.4472.101 (af52a90bf870..., userDataDir: /var/folders/2l/293xf3k53ys...}, goog:chromeOptions: {debuggerAddress: localhost:55482}, javascriptEnabled: true, networkConnectionEnabled: false, pageLoadStrategy: normal, platform: MAC, platformName: MAC, proxy: Proxy(), setWindowRect: true, strictFileInteractability: false, timeouts: {implicit: 0, pageLoad: 300000, script: 30000}, unhandledPromptBehavior: dismiss and notify, webauthn:extension:largeBlob: true, webauthn:virtualAuthenticators: true}
Session ID: a2a0fdbde95d67142a729f68020b56a1">
      <![CDATA[org.openqa.selenium.ElementClickInterceptedException: element click intercepted: Element <span class="MuiButton-label">...</span> is not clickable at point (1456, 214). Other element would receive the click: <div class="MuiGrid-root MuiGrid-item">...</div>
  (Session info: chrome=92.0.4515.159)
Build info: version: '3.141.59', revision: 'e82be7d358', time: '2018-11-14T08:17:03'
System info: host: 'ONEs-MacBook-Pro.local', ip: '2406:7400:73:ea15:817a:be28:8ee4:89aa%en0', os.name: 'Mac OS X', os.arch: 'x86_64', os.version: '10.16', java.version: '1.8.0_261'
Driver info: org.openqa.selenium.chrome.ChromeDriver
Capabilities {acceptInsecureCerts: false, browserName: chrome, browserVersion: 92.0.4515.159, chrome: {chromedriverVersion: 91.0.4472.101 (af52a90bf870..., userDataDir: /var/folders/2l/293xf3k53ys...}, goog:chromeOptions: {debuggerAddress: localhost:55482}, javascriptEnabled: true, networkConnectionEnabled: false, pageLoadStrategy: normal, platform: MAC, platformName: MAC, proxy: Proxy(), setWindowRect: true, strictFileInteractability: false, timeouts: {implicit: 0, pageLoad: 300000, script: 30000}, unhandledPromptBehavior: dismiss and notify, webauthn:extension:largeBlob: true, webauthn:virtualAuthenticators: true}
Session ID: a2a0fdbde95d67142a729f68020b56a1
at org.openqa.selenium.remote.http.W3CHttpResponseCodec.createException(W3CHttpResponseCodec.java:187)
at org.openqa.selenium.remote.http.W3CHttpResponseCodec.decode(W3CHttpResponseCodec.java:122)
at org.openqa.selenium.remote.http.W3CHttpResponseCodec.decode(W3CHttpResponseCodec.java:49)
at org.openqa.selenium.remote.HttpCommandExecutor.execute(HttpCommandExecutor.java:158)
at org.openqa.selenium.remote.service.DriverCommandExecutor.execute(DriverCommandExecutor.java:83)
at org.openqa.selenium.remote.RemoteWebDriver.execute(RemoteWebDriver.java:552)
at org.openqa.selenium.remote.RemoteWebElement.execute(RemoteWebElement.java:285)
at org.openqa.selenium.remote.RemoteWebElement.click(RemoteWebElement.java:84)
at org.openqa.selenium.support.events.EventFiringWebDriver$EventFiringWebElement.lambda$new$0(EventFiringWebDriver.java:404)
at com.sun.proxy.$Proxy13.click(Unknown Source)
at org.openqa.selenium.support.events.EventFiringWebDriver$EventFiringWebElement.click(EventFiringWebDriver.java:417)
at org.openqa.selenium.support.pagefactory.internal.LocatingElementHandler.invoke(LocatingElementHandler.java:51)
at com.sun.proxy.$Proxy11.click(Unknown Source)
at com.atlas.automation.actions.WebdriverActions.waitForElementToBeClickable(WebdriverActions.java:56)
at com.atlas.automation.pages.AthleteRankingPage.editBtn(AthleteRankingPage.java:392)
at com.atlas.automation.tests.AthleteRankingsPageTest.removeChampion(AthleteRankingsPageTest.java:363)
at java.util.ArrayList.forEach(ArrayList.java:1259)
... Removed 37 stack frames]]>
    </failure>
  </testcase> <!-- removeChampion -->
  <testcase name="rankedit" time="11.614" classname="com.atlas.automation.tests.AthleteRankingsPageTest"/>
  <testcase name="reoderPopup" time="0.581" classname="com.atlas.automation.tests.AthleteRankingsPageTest"/>
  <testcase name="athleteClick" time="0.91" classname="com.atlas.automation.tests.AthleteRankingsPageTest"/>
  <testcase name="deleteRankcancel" time="3.49" classname="com.atlas.automation.tests.AthleteRankingsPageTest"/>
  <testcase name="alternateAthleteBioImageSelection" time="0.321" classname="com.atlas.automation.tests.AthleteRankingsPageTest"/>
  <testcase name="categoryEdit" time="7.938" classname="com.atlas.automation.tests.AthleteRankingsPageTest"/>
</testsuite> <!-- Atlas app test -->
