<html>
<head>
<title>TestNG:  Atlas app test</title>
<link href="../testng.css" rel="stylesheet" type="text/css" />
<link href="../my-testng.css" rel="stylesheet" type="text/css" />

<style type="text/css">
.log { display: none;} 
.stack-trace { display: none;} 
</style>
<script type="text/javascript">
<!--
function flip(e) {
  current = e.style.display;
  if (current == 'block') {
    e.style.display = 'none';
    return 0;
  }
  else {
    e.style.display = 'block';
    return 1;
  }
}

function toggleBox(szDivId, elem, msg1, msg2)
{
  var res = -1;  if (document.getElementById) {
    res = flip(document.getElementById(szDivId));
  }
  else if (document.all) {
    // this is the way old msie versions work
    res = flip(document.all[szDivId]);
  }
  if(elem) {
    if(res == 0) elem.innerHTML = msg1; else elem.innerHTML = msg2;
  }

}

function toggleAllBoxes() {
  if (document.getElementsByTagName) {
    d = document.getElementsByTagName('div');
    for (i = 0; i < d.length; i++) {
      if (d[i].className == 'log') {
        flip(d[i]);
      }
    }
  }
}

// -->
</script>

</head>
<body>
<h2 align='center'>Atlas app test</h2><table border='1' align="center">
<tr>
<td>Tests passed/Failed/Skipped:</td><td>92/8/0</td>
</tr><tr>
<td>Started on:</td><td>Wed Aug 25 16:00:47 IST 2021</td>
</tr>
<tr><td>Total time:</td><td>910 seconds (910411 ms)</td>
</tr><tr>
<td>Included groups:</td><td></td>
</tr><tr>
<td>Excluded groups:</td><td></td>
</tr>
</table><p/>
<small><i>(Hover the method name to see the test class name)</i></small><p/>
<table width='100%' border='1' class='invocation-failed'>
<tr><td colspan='4' align='center'><b>FAILED TESTS</b></td></tr>
<tr><td><b>Test method</b></td>
<td width="30%"><b>Exception</b></td>
<td width="10%"><b>Time (seconds)</b></td>
<td><b>Instance</b></td>
</tr>
<tr>
<td title='com.atlas.automation.tests.AthleteRankingsPageTest.addNewCategorywithonlyTitleandnorankers()'><b>addNewCategorywithonlyTitleandnorankers</b><br>Test class: com.atlas.automation.tests.AthleteRankingsPageTest</td>
<td><div><pre>java.lang.AssertionError: expected [HeavyWeight] but found [LightHeavyWeight]
	at com.atlas.automation.tests.AthleteRankingsPageTest.addNewCategorywithonlyTitleandnorankers(AthleteRankingsPageTest.java:217)
	at java.util.ArrayList.forEach(ArrayList.java:1259)
... Removed 33 stack frames</pre></div><a href='#' onClick='toggleBox("stack-trace167585516", this, "Click to show all stack frames", "Click to hide stack frames")'>Click to show all stack frames</a>
<div class='stack-trace' id='stack-trace167585516'><pre>java.lang.AssertionError: expected [HeavyWeight] but found [LightHeavyWeight]
	at org.testng.Assert.fail(Assert.java:99)
	at org.testng.Assert.failNotEquals(Assert.java:1037)
	at org.testng.Assert.assertEqualsImpl(Assert.java:140)
	at org.testng.Assert.assertEquals(Assert.java:122)
	at org.testng.Assert.assertEquals(Assert.java:629)
	at org.testng.Assert.assertEquals(Assert.java:639)
	at com.atlas.automation.tests.AthleteRankingsPageTest.addNewCategorywithonlyTitleandnorankers(AthleteRankingsPageTest.java:217)
	at sun.reflect.NativeMethodAccessorImpl.invoke0(Native Method)
	at sun.reflect.NativeMethodAccessorImpl.invoke(NativeMethodAccessorImpl.java:62)
	at sun.reflect.DelegatingMethodAccessorImpl.invoke(DelegatingMethodAccessorImpl.java:43)
	at java.lang.reflect.Method.invoke(Method.java:498)
	at org.testng.internal.MethodInvocationHelper.invokeMethod(MethodInvocationHelper.java:132)
	at org.testng.internal.TestInvoker.invokeMethod(TestInvoker.java:599)
	at org.testng.internal.TestInvoker.invokeTestMethod(TestInvoker.java:174)
	at org.testng.internal.MethodRunner.runInSequence(MethodRunner.java:46)
	at org.testng.internal.TestInvoker$MethodInvocationAgent.invoke(TestInvoker.java:822)
	at org.testng.internal.TestInvoker.invokeTestMethods(TestInvoker.java:147)
	at org.testng.internal.TestMethodWorker.invokeTestMethods(TestMethodWorker.java:146)
	at org.testng.internal.TestMethodWorker.run(TestMethodWorker.java:128)
	at java.util.ArrayList.forEach(ArrayList.java:1259)
	at org.testng.TestRunner.privateRun(TestRunner.java:764)
	at org.testng.TestRunner.run(TestRunner.java:585)
	at org.testng.SuiteRunner.runTest(SuiteRunner.java:384)
	at org.testng.SuiteRunner.runSequentially(SuiteRunner.java:378)
	at org.testng.SuiteRunner.privateRun(SuiteRunner.java:337)
	at org.testng.SuiteRunner.run(SuiteRunner.java:286)
	at org.testng.SuiteRunnerWorker.runSuite(SuiteRunnerWorker.java:53)
	at org.testng.SuiteRunnerWorker.run(SuiteRunnerWorker.java:96)
	at org.testng.TestNG.runSuitesSequentially(TestNG.java:1218)
	at org.testng.TestNG.runSuitesLocally(TestNG.java:1140)
	at org.testng.TestNG.runSuites(TestNG.java:1069)
	at org.testng.TestNG.run(TestNG.java:1037)
	at org.testng.remote.AbstractRemoteTestNG.run(AbstractRemoteTestNG.java:115)
	at org.testng.remote.RemoteTestNG.initAndRun(RemoteTestNG.java:251)
	at org.testng.remote.RemoteTestNG.main(RemoteTestNG.java:77)
</pre></div></td>
<td>19</td>
<td>com.atlas.automation.tests.AthleteRankingsPageTest@396e2f39</td></tr>
<tr>
<td title='com.atlas.automation.tests.EventsPageTest.deletecreative()'><b>deletecreative</b><br>Test class: com.atlas.automation.tests.EventsPageTest</td>
<td><div><pre>org.openqa.selenium.NoSuchElementException: no such element: Unable to locate element: {&quot;method&quot;:&quot;xpath&quot;,&quot;selector&quot;:&quot;//*[text()=&apos;Event details updated successfully.&apos;]&quot;}
  (Session info: chrome=92.0.4515.159)
For documentation on this error, please visit: https://www.seleniumhq.org/exceptions/no_such_element.html
Build info: version: &apos;3.141.59&apos;, revision: &apos;e82be7d358&apos;, time: &apos;2018-11-14T08:17:03&apos;
System info: host: &apos;ONEs-MacBook-Pro.local&apos;, ip: &apos;2406:7400:73:ea15:817a:be28:8ee4:89aa%en0&apos;, os.name: &apos;Mac OS X&apos;, os.arch: &apos;x86_64&apos;, os.version: &apos;10.16&apos;, java.version: &apos;1.8.0_261&apos;
Driver info: org.openqa.selenium.chrome.ChromeDriver
Capabilities {acceptInsecureCerts: false, browserName: chrome, browserVersion: 92.0.4515.159, chrome: {chromedriverVersion: 91.0.4472.101 (af52a90bf870..., userDataDir: /var/folders/2l/293xf3k53ys...}, goog:chromeOptions: {debuggerAddress: localhost:55406}, javascriptEnabled: true, networkConnectionEnabled: false, pageLoadStrategy: normal, platform: MAC, platformName: MAC, proxy: Proxy(), setWindowRect: true, strictFileInteractability: false, timeouts: {implicit: 0, pageLoad: 300000, script: 30000}, unhandledPromptBehavior: dismiss and notify, webauthn:extension:largeBlob: true, webauthn:virtualAuthenticators: true}
Session ID: e8bcb13d4aa0591a0ffdbc5ec76afdff
*** Element info: {Using=xpath, value=//*[text()=&apos;Event details updated successfully.&apos;]}
	at org.openqa.selenium.remote.http.W3CHttpResponseCodec.createException(W3CHttpResponseCodec.java:187)
	at org.openqa.selenium.remote.http.W3CHttpResponseCodec.decode(W3CHttpResponseCodec.java:122)
	at org.openqa.selenium.remote.http.W3CHttpResponseCodec.decode(W3CHttpResponseCodec.java:49)
	at org.openqa.selenium.remote.HttpCommandExecutor.execute(HttpCommandExecutor.java:158)
	at org.openqa.selenium.remote.service.DriverCommandExecutor.execute(DriverCommandExecutor.java:83)
	at org.openqa.selenium.remote.RemoteWebDriver.execute(RemoteWebDriver.java:552)
	at org.openqa.selenium.remote.RemoteWebDriver.findElement(RemoteWebDriver.java:323)
	at org.openqa.selenium.remote.RemoteWebDriver.findElementByXPath(RemoteWebDriver.java:428)
	at org.openqa.selenium.By$ByXPath.findElement(By.java:353)
	at org.openqa.selenium.remote.RemoteWebDriver.findElement(RemoteWebDriver.java:315)
	at org.openqa.selenium.support.events.EventFiringWebDriver.lambda$new$1(EventFiringWebDriver.java:105)
	at com.sun.proxy.$Proxy7.findElement(Unknown Source)
	at org.openqa.selenium.support.events.EventFiringWebDriver.findElement(EventFiringWebDriver.java:194)
	at org.openqa.selenium.support.pagefactory.DefaultElementLocator.findElement(DefaultElementLocator.java:69)
	at org.openqa.selenium.support.pagefactory.internal.LocatingElementHandler.invoke(LocatingElementHandler.java:38)
	at com.sun.proxy.$Proxy11.isDisplayed(Unknown Source)
	at com.atlas.automation.tests.EventsPageTest.deletecreative(EventsPageTest.java:750)
	at java.util.ArrayList.forEach(ArrayList.java:1259)
... Removed 34 stack frames</pre></div><a href='#' onClick='toggleBox("stack-trace942223469", this, "Click to show all stack frames", "Click to hide stack frames")'>Click to show all stack frames</a>
<div class='stack-trace' id='stack-trace942223469'><pre>org.openqa.selenium.NoSuchElementException: no such element: Unable to locate element: {&quot;method&quot;:&quot;xpath&quot;,&quot;selector&quot;:&quot;//*[text()=&apos;Event details updated successfully.&apos;]&quot;}
  (Session info: chrome=92.0.4515.159)
For documentation on this error, please visit: https://www.seleniumhq.org/exceptions/no_such_element.html
Build info: version: &apos;3.141.59&apos;, revision: &apos;e82be7d358&apos;, time: &apos;2018-11-14T08:17:03&apos;
System info: host: &apos;ONEs-MacBook-Pro.local&apos;, ip: &apos;2406:7400:73:ea15:817a:be28:8ee4:89aa%en0&apos;, os.name: &apos;Mac OS X&apos;, os.arch: &apos;x86_64&apos;, os.version: &apos;10.16&apos;, java.version: &apos;1.8.0_261&apos;
Driver info: org.openqa.selenium.chrome.ChromeDriver
Capabilities {acceptInsecureCerts: false, browserName: chrome, browserVersion: 92.0.4515.159, chrome: {chromedriverVersion: 91.0.4472.101 (af52a90bf870..., userDataDir: /var/folders/2l/293xf3k53ys...}, goog:chromeOptions: {debuggerAddress: localhost:55406}, javascriptEnabled: true, networkConnectionEnabled: false, pageLoadStrategy: normal, platform: MAC, platformName: MAC, proxy: Proxy(), setWindowRect: true, strictFileInteractability: false, timeouts: {implicit: 0, pageLoad: 300000, script: 30000}, unhandledPromptBehavior: dismiss and notify, webauthn:extension:largeBlob: true, webauthn:virtualAuthenticators: true}
Session ID: e8bcb13d4aa0591a0ffdbc5ec76afdff
*** Element info: {Using=xpath, value=//*[text()=&apos;Event details updated successfully.&apos;]}
	at sun.reflect.NativeConstructorAccessorImpl.newInstance0(Native Method)
	at sun.reflect.NativeConstructorAccessorImpl.newInstance(NativeConstructorAccessorImpl.java:62)
	at sun.reflect.DelegatingConstructorAccessorImpl.newInstance(DelegatingConstructorAccessorImpl.java:45)
	at java.lang.reflect.Constructor.newInstance(Constructor.java:423)
	at org.openqa.selenium.remote.http.W3CHttpResponseCodec.createException(W3CHttpResponseCodec.java:187)
	at org.openqa.selenium.remote.http.W3CHttpResponseCodec.decode(W3CHttpResponseCodec.java:122)
	at org.openqa.selenium.remote.http.W3CHttpResponseCodec.decode(W3CHttpResponseCodec.java:49)
	at org.openqa.selenium.remote.HttpCommandExecutor.execute(HttpCommandExecutor.java:158)
	at org.openqa.selenium.remote.service.DriverCommandExecutor.execute(DriverCommandExecutor.java:83)
	at org.openqa.selenium.remote.RemoteWebDriver.execute(RemoteWebDriver.java:552)
	at org.openqa.selenium.remote.RemoteWebDriver.findElement(RemoteWebDriver.java:323)
	at org.openqa.selenium.remote.RemoteWebDriver.findElementByXPath(RemoteWebDriver.java:428)
	at org.openqa.selenium.By$ByXPath.findElement(By.java:353)
	at org.openqa.selenium.remote.RemoteWebDriver.findElement(RemoteWebDriver.java:315)
	at sun.reflect.GeneratedMethodAccessor2.invoke(Unknown Source)
	at sun.reflect.DelegatingMethodAccessorImpl.invoke(DelegatingMethodAccessorImpl.java:43)
	at java.lang.reflect.Method.invoke(Method.java:498)
	at org.openqa.selenium.support.events.EventFiringWebDriver.lambda$new$1(EventFiringWebDriver.java:105)
	at com.sun.proxy.$Proxy7.findElement(Unknown Source)
	at org.openqa.selenium.support.events.EventFiringWebDriver.findElement(EventFiringWebDriver.java:194)
	at org.openqa.selenium.support.pagefactory.DefaultElementLocator.findElement(DefaultElementLocator.java:69)
	at org.openqa.selenium.support.pagefactory.internal.LocatingElementHandler.invoke(LocatingElementHandler.java:38)
	at com.sun.proxy.$Proxy11.isDisplayed(Unknown Source)
	at com.atlas.automation.tests.EventsPageTest.deletecreative(EventsPageTest.java:750)
	at sun.reflect.NativeMethodAccessorImpl.invoke0(Native Method)
	at sun.reflect.NativeMethodAccessorImpl.invoke(NativeMethodAccessorImpl.java:62)
	at sun.reflect.DelegatingMethodAccessorImpl.invoke(DelegatingMethodAccessorImpl.java:43)
	at java.lang.reflect.Method.invoke(Method.java:498)
	at org.testng.internal.MethodInvocationHelper.invokeMethod(MethodInvocationHelper.java:132)
	at org.testng.internal.TestInvoker.invokeMethod(TestInvoker.java:599)
	at org.testng.internal.TestInvoker.invokeTestMethod(TestInvoker.java:174)
	at org.testng.internal.MethodRunner.runInSequence(MethodRunner.java:46)
	at org.testng.internal.TestInvoker$MethodInvocationAgent.invoke(TestInvoker.java:822)
	at org.testng.internal.TestInvoker.invokeTestMethods(TestInvoker.java:147)
	at org.testng.internal.TestMethodWorker.invokeTestMethods(TestMethodWorker.java:146)
	at org.testng.internal.TestMethodWorker.run(TestMethodWorker.java:128)
	at java.util.ArrayList.forEach(ArrayList.java:1259)
	at org.testng.TestRunner.privateRun(TestRunner.java:764)
	at org.testng.TestRunner.run(TestRunner.java:585)
	at org.testng.SuiteRunner.runTest(SuiteRunner.java:384)
	at org.testng.SuiteRunner.runSequentially(SuiteRunner.java:378)
	at org.testng.SuiteRunner.privateRun(SuiteRunner.java:337)
	at org.testng.SuiteRunner.run(SuiteRunner.java:286)
	at org.testng.SuiteRunnerWorker.runSuite(SuiteRunnerWorker.java:53)
	at org.testng.SuiteRunnerWorker.run(SuiteRunnerWorker.java:96)
	at org.testng.TestNG.runSuitesSequentially(TestNG.java:1218)
	at org.testng.TestNG.runSuitesLocally(TestNG.java:1140)
	at org.testng.TestNG.runSuites(TestNG.java:1069)
	at org.testng.TestNG.run(TestNG.java:1037)
	at org.testng.remote.AbstractRemoteTestNG.run(AbstractRemoteTestNG.java:115)
	at org.testng.remote.RemoteTestNG.initAndRun(RemoteTestNG.java:251)
	at org.testng.remote.RemoteTestNG.main(RemoteTestNG.java:77)
</pre></div></td>
<td>36</td>
<td>com.atlas.automation.tests.EventsPageTest@2de8284b</td></tr>
<tr>
<td title='com.atlas.automation.tests.EventsPageTest.filterByEventVenue()'><b>filterByEventVenue</b><br>Test class: com.atlas.automation.tests.EventsPageTest</td>
<td><div><pre>org.openqa.selenium.ElementClickInterceptedException: element click intercepted: Element &lt;div class=&quot; css-1wa3eu0-placeholder&quot;&gt;...&lt;/div&gt; is not clickable at point (698, 278). Other element would receive the click: &lt;div class=&quot;MuiFormControl-root MuiFormControl-fullWidth&quot;&gt;...&lt;/div&gt;
  (Session info: chrome=92.0.4515.159)
Build info: version: &apos;3.141.59&apos;, revision: &apos;e82be7d358&apos;, time: &apos;2018-11-14T08:17:03&apos;
System info: host: &apos;ONEs-MacBook-Pro.local&apos;, ip: &apos;2406:7400:73:ea15:817a:be28:8ee4:89aa%en0&apos;, os.name: &apos;Mac OS X&apos;, os.arch: &apos;x86_64&apos;, os.version: &apos;10.16&apos;, java.version: &apos;1.8.0_261&apos;
Driver info: org.openqa.selenium.chrome.ChromeDriver
Capabilities {acceptInsecureCerts: false, browserName: chrome, browserVersion: 92.0.4515.159, chrome: {chromedriverVersion: 91.0.4472.101 (af52a90bf870..., userDataDir: /var/folders/2l/293xf3k53ys...}, goog:chromeOptions: {debuggerAddress: localhost:55406}, javascriptEnabled: true, networkConnectionEnabled: false, pageLoadStrategy: normal, platform: MAC, platformName: MAC, proxy: Proxy(), setWindowRect: true, strictFileInteractability: false, timeouts: {implicit: 0, pageLoad: 300000, script: 30000}, unhandledPromptBehavior: dismiss and notify, webauthn:extension:largeBlob: true, webauthn:virtualAuthenticators: true}
Session ID: e8bcb13d4aa0591a0ffdbc5ec76afdff
	at org.openqa.selenium.remote.http.W3CHttpResponseCodec.createException(W3CHttpResponseCodec.java:187)
	at org.openqa.selenium.remote.http.W3CHttpResponseCodec.decode(W3CHttpResponseCodec.java:122)
	at org.openqa.selenium.remote.http.W3CHttpResponseCodec.decode(W3CHttpResponseCodec.java:49)
	at org.openqa.selenium.remote.HttpCommandExecutor.execute(HttpCommandExecutor.java:158)
	at org.openqa.selenium.remote.service.DriverCommandExecutor.execute(DriverCommandExecutor.java:83)
	at org.openqa.selenium.remote.RemoteWebDriver.execute(RemoteWebDriver.java:552)
	at org.openqa.selenium.remote.RemoteWebElement.execute(RemoteWebElement.java:285)
	at org.openqa.selenium.remote.RemoteWebElement.click(RemoteWebElement.java:84)
	at org.openqa.selenium.support.events.EventFiringWebDriver$EventFiringWebElement.lambda$new$0(EventFiringWebDriver.java:404)
	at com.sun.proxy.$Proxy13.click(Unknown Source)
	at org.openqa.selenium.support.events.EventFiringWebDriver$EventFiringWebElement.click(EventFiringWebDriver.java:417)
	at org.openqa.selenium.support.pagefactory.internal.LocatingElementHandler.invoke(LocatingElementHandler.java:51)
	at com.sun.proxy.$Proxy11.click(Unknown Source)
	at com.atlas.automation.actions.WebdriverActions.waitForElementToBeClickable(WebdriverActions.java:56)
	at com.atlas.automation.pages.EventsPage.venueFilter(EventsPage.java:960)
	at com.atlas.automation.tests.EventsPageTest.filterByEventVenue(EventsPageTest.java:78)
	at java.util.ArrayList.forEach(ArrayList.java:1259)
... Removed 37 stack frames</pre></div><a href='#' onClick='toggleBox("stack-trace100445376", this, "Click to show all stack frames", "Click to hide stack frames")'>Click to show all stack frames</a>
<div class='stack-trace' id='stack-trace100445376'><pre>org.openqa.selenium.ElementClickInterceptedException: element click intercepted: Element &lt;div class=&quot; css-1wa3eu0-placeholder&quot;&gt;...&lt;/div&gt; is not clickable at point (698, 278). Other element would receive the click: &lt;div class=&quot;MuiFormControl-root MuiFormControl-fullWidth&quot;&gt;...&lt;/div&gt;
  (Session info: chrome=92.0.4515.159)
Build info: version: &apos;3.141.59&apos;, revision: &apos;e82be7d358&apos;, time: &apos;2018-11-14T08:17:03&apos;
System info: host: &apos;ONEs-MacBook-Pro.local&apos;, ip: &apos;2406:7400:73:ea15:817a:be28:8ee4:89aa%en0&apos;, os.name: &apos;Mac OS X&apos;, os.arch: &apos;x86_64&apos;, os.version: &apos;10.16&apos;, java.version: &apos;1.8.0_261&apos;
Driver info: org.openqa.selenium.chrome.ChromeDriver
Capabilities {acceptInsecureCerts: false, browserName: chrome, browserVersion: 92.0.4515.159, chrome: {chromedriverVersion: 91.0.4472.101 (af52a90bf870..., userDataDir: /var/folders/2l/293xf3k53ys...}, goog:chromeOptions: {debuggerAddress: localhost:55406}, javascriptEnabled: true, networkConnectionEnabled: false, pageLoadStrategy: normal, platform: MAC, platformName: MAC, proxy: Proxy(), setWindowRect: true, strictFileInteractability: false, timeouts: {implicit: 0, pageLoad: 300000, script: 30000}, unhandledPromptBehavior: dismiss and notify, webauthn:extension:largeBlob: true, webauthn:virtualAuthenticators: true}
Session ID: e8bcb13d4aa0591a0ffdbc5ec76afdff
	at sun.reflect.NativeConstructorAccessorImpl.newInstance0(Native Method)
	at sun.reflect.NativeConstructorAccessorImpl.newInstance(NativeConstructorAccessorImpl.java:62)
	at sun.reflect.DelegatingConstructorAccessorImpl.newInstance(DelegatingConstructorAccessorImpl.java:45)
	at java.lang.reflect.Constructor.newInstance(Constructor.java:423)
	at org.openqa.selenium.remote.http.W3CHttpResponseCodec.createException(W3CHttpResponseCodec.java:187)
	at org.openqa.selenium.remote.http.W3CHttpResponseCodec.decode(W3CHttpResponseCodec.java:122)
	at org.openqa.selenium.remote.http.W3CHttpResponseCodec.decode(W3CHttpResponseCodec.java:49)
	at org.openqa.selenium.remote.HttpCommandExecutor.execute(HttpCommandExecutor.java:158)
	at org.openqa.selenium.remote.service.DriverCommandExecutor.execute(DriverCommandExecutor.java:83)
	at org.openqa.selenium.remote.RemoteWebDriver.execute(RemoteWebDriver.java:552)
	at org.openqa.selenium.remote.RemoteWebElement.execute(RemoteWebElement.java:285)
	at org.openqa.selenium.remote.RemoteWebElement.click(RemoteWebElement.java:84)
	at sun.reflect.GeneratedMethodAccessor5.invoke(Unknown Source)
	at sun.reflect.DelegatingMethodAccessorImpl.invoke(DelegatingMethodAccessorImpl.java:43)
	at java.lang.reflect.Method.invoke(Method.java:498)
	at org.openqa.selenium.support.events.EventFiringWebDriver$EventFiringWebElement.lambda$new$0(EventFiringWebDriver.java:404)
	at com.sun.proxy.$Proxy13.click(Unknown Source)
	at org.openqa.selenium.support.events.EventFiringWebDriver$EventFiringWebElement.click(EventFiringWebDriver.java:417)
	at sun.reflect.GeneratedMethodAccessor5.invoke(Unknown Source)
	at sun.reflect.DelegatingMethodAccessorImpl.invoke(DelegatingMethodAccessorImpl.java:43)
	at java.lang.reflect.Method.invoke(Method.java:498)
	at org.openqa.selenium.support.pagefactory.internal.LocatingElementHandler.invoke(LocatingElementHandler.java:51)
	at com.sun.proxy.$Proxy11.click(Unknown Source)
	at com.atlas.automation.actions.WebdriverActions.waitForElementToBeClickable(WebdriverActions.java:56)
	at com.atlas.automation.pages.EventsPage.venueFilter(EventsPage.java:960)
	at com.atlas.automation.tests.EventsPageTest.filterByEventVenue(EventsPageTest.java:78)
	at sun.reflect.NativeMethodAccessorImpl.invoke0(Native Method)
	at sun.reflect.NativeMethodAccessorImpl.invoke(NativeMethodAccessorImpl.java:62)
	at sun.reflect.DelegatingMethodAccessorImpl.invoke(DelegatingMethodAccessorImpl.java:43)
	at java.lang.reflect.Method.invoke(Method.java:498)
	at org.testng.internal.MethodInvocationHelper.invokeMethod(MethodInvocationHelper.java:132)
	at org.testng.internal.TestInvoker.invokeMethod(TestInvoker.java:599)
	at org.testng.internal.TestInvoker.invokeTestMethod(TestInvoker.java:174)
	at org.testng.internal.MethodRunner.runInSequence(MethodRunner.java:46)
	at org.testng.internal.TestInvoker$MethodInvocationAgent.invoke(TestInvoker.java:822)
	at org.testng.internal.TestInvoker.invokeTestMethods(TestInvoker.java:147)
	at org.testng.internal.TestMethodWorker.invokeTestMethods(TestMethodWorker.java:146)
	at org.testng.internal.TestMethodWorker.run(TestMethodWorker.java:128)
	at java.util.ArrayList.forEach(ArrayList.java:1259)
	at org.testng.TestRunner.privateRun(TestRunner.java:764)
	at org.testng.TestRunner.run(TestRunner.java:585)
	at org.testng.SuiteRunner.runTest(SuiteRunner.java:384)
	at org.testng.SuiteRunner.runSequentially(SuiteRunner.java:378)
	at org.testng.SuiteRunner.privateRun(SuiteRunner.java:337)
	at org.testng.SuiteRunner.run(SuiteRunner.java:286)
	at org.testng.SuiteRunnerWorker.runSuite(SuiteRunnerWorker.java:53)
	at org.testng.SuiteRunnerWorker.run(SuiteRunnerWorker.java:96)
	at org.testng.TestNG.runSuitesSequentially(TestNG.java:1218)
	at org.testng.TestNG.runSuitesLocally(TestNG.java:1140)
	at org.testng.TestNG.runSuites(TestNG.java:1069)
	at org.testng.TestNG.run(TestNG.java:1037)
	at org.testng.remote.AbstractRemoteTestNG.run(AbstractRemoteTestNG.java:115)
	at org.testng.remote.RemoteTestNG.initAndRun(RemoteTestNG.java:251)
	at org.testng.remote.RemoteTestNG.main(RemoteTestNG.java:77)
</pre></div></td>
<td>1</td>
<td>com.atlas.automation.tests.EventsPageTest@2de8284b</td></tr>
<tr>
<td title='com.atlas.automation.tests.EventsPageTest.invalidsearchDropdownTest()'><b>invalidsearchDropdownTest</b><br>Test class: com.atlas.automation.tests.EventsPageTest</td>
<td><div><pre>org.openqa.selenium.NoSuchElementException: no such element: Unable to locate element: {&quot;method&quot;:&quot;xpath&quot;,&quot;selector&quot;:&quot;(//div[@class=&apos;MuiFormControl-root MuiFormControl-fullWidth&apos;])[7]&quot;}
  (Session info: chrome=92.0.4515.159)
For documentation on this error, please visit: https://www.seleniumhq.org/exceptions/no_such_element.html
Build info: version: &apos;3.141.59&apos;, revision: &apos;e82be7d358&apos;, time: &apos;2018-11-14T08:17:03&apos;
System info: host: &apos;ONEs-MacBook-Pro.local&apos;, ip: &apos;2406:7400:73:ea15:817a:be28:8ee4:89aa%en0&apos;, os.name: &apos;Mac OS X&apos;, os.arch: &apos;x86_64&apos;, os.version: &apos;10.16&apos;, java.version: &apos;1.8.0_261&apos;
Driver info: org.openqa.selenium.chrome.ChromeDriver
Capabilities {acceptInsecureCerts: false, browserName: chrome, browserVersion: 92.0.4515.159, chrome: {chromedriverVersion: 91.0.4472.101 (af52a90bf870..., userDataDir: /var/folders/2l/293xf3k53ys...}, goog:chromeOptions: {debuggerAddress: localhost:55406}, javascriptEnabled: true, networkConnectionEnabled: false, pageLoadStrategy: normal, platform: MAC, platformName: MAC, proxy: Proxy(), setWindowRect: true, strictFileInteractability: false, timeouts: {implicit: 0, pageLoad: 300000, script: 30000}, unhandledPromptBehavior: dismiss and notify, webauthn:extension:largeBlob: true, webauthn:virtualAuthenticators: true}
Session ID: e8bcb13d4aa0591a0ffdbc5ec76afdff
*** Element info: {Using=xpath, value=(//div[@class=&apos;MuiFormControl-root MuiFormControl-fullWidth&apos;])[7]}
	at org.openqa.selenium.remote.http.W3CHttpResponseCodec.createException(W3CHttpResponseCodec.java:187)
	at org.openqa.selenium.remote.http.W3CHttpResponseCodec.decode(W3CHttpResponseCodec.java:122)
	at org.openqa.selenium.remote.http.W3CHttpResponseCodec.decode(W3CHttpResponseCodec.java:49)
	at org.openqa.selenium.remote.HttpCommandExecutor.execute(HttpCommandExecutor.java:158)
	at org.openqa.selenium.remote.service.DriverCommandExecutor.execute(DriverCommandExecutor.java:83)
	at org.openqa.selenium.remote.RemoteWebDriver.execute(RemoteWebDriver.java:552)
	at org.openqa.selenium.remote.RemoteWebDriver.findElement(RemoteWebDriver.java:323)
	at org.openqa.selenium.remote.RemoteWebDriver.findElementByXPath(RemoteWebDriver.java:428)
	at org.openqa.selenium.By$ByXPath.findElement(By.java:353)
	at org.openqa.selenium.remote.RemoteWebDriver.findElement(RemoteWebDriver.java:315)
	at org.openqa.selenium.support.events.EventFiringWebDriver.lambda$new$1(EventFiringWebDriver.java:105)
	at com.sun.proxy.$Proxy7.findElement(Unknown Source)
	at org.openqa.selenium.support.events.EventFiringWebDriver.findElement(EventFiringWebDriver.java:194)
	at org.openqa.selenium.support.pagefactory.DefaultElementLocator.findElement(DefaultElementLocator.java:69)
	at org.openqa.selenium.support.pagefactory.internal.LocatingElementHandler.invoke(LocatingElementHandler.java:38)
	at com.sun.proxy.$Proxy11.click(Unknown Source)
	at com.atlas.automation.tests.EventsPageTest.invalidsearchDropdownTest(EventsPageTest.java:870)
	at java.util.ArrayList.forEach(ArrayList.java:1259)
... Removed 34 stack frames</pre></div><a href='#' onClick='toggleBox("stack-trace1259990552", this, "Click to show all stack frames", "Click to hide stack frames")'>Click to show all stack frames</a>
<div class='stack-trace' id='stack-trace1259990552'><pre>org.openqa.selenium.NoSuchElementException: no such element: Unable to locate element: {&quot;method&quot;:&quot;xpath&quot;,&quot;selector&quot;:&quot;(//div[@class=&apos;MuiFormControl-root MuiFormControl-fullWidth&apos;])[7]&quot;}
  (Session info: chrome=92.0.4515.159)
For documentation on this error, please visit: https://www.seleniumhq.org/exceptions/no_such_element.html
Build info: version: &apos;3.141.59&apos;, revision: &apos;e82be7d358&apos;, time: &apos;2018-11-14T08:17:03&apos;
System info: host: &apos;ONEs-MacBook-Pro.local&apos;, ip: &apos;2406:7400:73:ea15:817a:be28:8ee4:89aa%en0&apos;, os.name: &apos;Mac OS X&apos;, os.arch: &apos;x86_64&apos;, os.version: &apos;10.16&apos;, java.version: &apos;1.8.0_261&apos;
Driver info: org.openqa.selenium.chrome.ChromeDriver
Capabilities {acceptInsecureCerts: false, browserName: chrome, browserVersion: 92.0.4515.159, chrome: {chromedriverVersion: 91.0.4472.101 (af52a90bf870..., userDataDir: /var/folders/2l/293xf3k53ys...}, goog:chromeOptions: {debuggerAddress: localhost:55406}, javascriptEnabled: true, networkConnectionEnabled: false, pageLoadStrategy: normal, platform: MAC, platformName: MAC, proxy: Proxy(), setWindowRect: true, strictFileInteractability: false, timeouts: {implicit: 0, pageLoad: 300000, script: 30000}, unhandledPromptBehavior: dismiss and notify, webauthn:extension:largeBlob: true, webauthn:virtualAuthenticators: true}
Session ID: e8bcb13d4aa0591a0ffdbc5ec76afdff
*** Element info: {Using=xpath, value=(//div[@class=&apos;MuiFormControl-root MuiFormControl-fullWidth&apos;])[7]}
	at sun.reflect.NativeConstructorAccessorImpl.newInstance0(Native Method)
	at sun.reflect.NativeConstructorAccessorImpl.newInstance(NativeConstructorAccessorImpl.java:62)
	at sun.reflect.DelegatingConstructorAccessorImpl.newInstance(DelegatingConstructorAccessorImpl.java:45)
	at java.lang.reflect.Constructor.newInstance(Constructor.java:423)
	at org.openqa.selenium.remote.http.W3CHttpResponseCodec.createException(W3CHttpResponseCodec.java:187)
	at org.openqa.selenium.remote.http.W3CHttpResponseCodec.decode(W3CHttpResponseCodec.java:122)
	at org.openqa.selenium.remote.http.W3CHttpResponseCodec.decode(W3CHttpResponseCodec.java:49)
	at org.openqa.selenium.remote.HttpCommandExecutor.execute(HttpCommandExecutor.java:158)
	at org.openqa.selenium.remote.service.DriverCommandExecutor.execute(DriverCommandExecutor.java:83)
	at org.openqa.selenium.remote.RemoteWebDriver.execute(RemoteWebDriver.java:552)
	at org.openqa.selenium.remote.RemoteWebDriver.findElement(RemoteWebDriver.java:323)
	at org.openqa.selenium.remote.RemoteWebDriver.findElementByXPath(RemoteWebDriver.java:428)
	at org.openqa.selenium.By$ByXPath.findElement(By.java:353)
	at org.openqa.selenium.remote.RemoteWebDriver.findElement(RemoteWebDriver.java:315)
	at sun.reflect.GeneratedMethodAccessor2.invoke(Unknown Source)
	at sun.reflect.DelegatingMethodAccessorImpl.invoke(DelegatingMethodAccessorImpl.java:43)
	at java.lang.reflect.Method.invoke(Method.java:498)
	at org.openqa.selenium.support.events.EventFiringWebDriver.lambda$new$1(EventFiringWebDriver.java:105)
	at com.sun.proxy.$Proxy7.findElement(Unknown Source)
	at org.openqa.selenium.support.events.EventFiringWebDriver.findElement(EventFiringWebDriver.java:194)
	at org.openqa.selenium.support.pagefactory.DefaultElementLocator.findElement(DefaultElementLocator.java:69)
	at org.openqa.selenium.support.pagefactory.internal.LocatingElementHandler.invoke(LocatingElementHandler.java:38)
	at com.sun.proxy.$Proxy11.click(Unknown Source)
	at com.atlas.automation.tests.EventsPageTest.invalidsearchDropdownTest(EventsPageTest.java:870)
	at sun.reflect.NativeMethodAccessorImpl.invoke0(Native Method)
	at sun.reflect.NativeMethodAccessorImpl.invoke(NativeMethodAccessorImpl.java:62)
	at sun.reflect.DelegatingMethodAccessorImpl.invoke(DelegatingMethodAccessorImpl.java:43)
	at java.lang.reflect.Method.invoke(Method.java:498)
	at org.testng.internal.MethodInvocationHelper.invokeMethod(MethodInvocationHelper.java:132)
	at org.testng.internal.TestInvoker.invokeMethod(TestInvoker.java:599)
	at org.testng.internal.TestInvoker.invokeTestMethod(TestInvoker.java:174)
	at org.testng.internal.MethodRunner.runInSequence(MethodRunner.java:46)
	at org.testng.internal.TestInvoker$MethodInvocationAgent.invoke(TestInvoker.java:822)
	at org.testng.internal.TestInvoker.invokeTestMethods(TestInvoker.java:147)
	at org.testng.internal.TestMethodWorker.invokeTestMethods(TestMethodWorker.java:146)
	at org.testng.internal.TestMethodWorker.run(TestMethodWorker.java:128)
	at java.util.ArrayList.forEach(ArrayList.java:1259)
	at org.testng.TestRunner.privateRun(TestRunner.java:764)
	at org.testng.TestRunner.run(TestRunner.java:585)
	at org.testng.SuiteRunner.runTest(SuiteRunner.java:384)
	at org.testng.SuiteRunner.runSequentially(SuiteRunner.java:378)
	at org.testng.SuiteRunner.privateRun(SuiteRunner.java:337)
	at org.testng.SuiteRunner.run(SuiteRunner.java:286)
	at org.testng.SuiteRunnerWorker.runSuite(SuiteRunnerWorker.java:53)
	at org.testng.SuiteRunnerWorker.run(SuiteRunnerWorker.java:96)
	at org.testng.TestNG.runSuitesSequentially(TestNG.java:1218)
	at org.testng.TestNG.runSuitesLocally(TestNG.java:1140)
	at org.testng.TestNG.runSuites(TestNG.java:1069)
	at org.testng.TestNG.run(TestNG.java:1037)
	at org.testng.remote.AbstractRemoteTestNG.run(AbstractRemoteTestNG.java:115)
	at org.testng.remote.RemoteTestNG.initAndRun(RemoteTestNG.java:251)
	at org.testng.remote.RemoteTestNG.main(RemoteTestNG.java:77)
</pre></div></td>
<td>21</td>
<td>com.atlas.automation.tests.EventsPageTest@2de8284b</td></tr>
<tr>
<td title='com.atlas.automation.tests.AthleteRankingsPageTest.khmerLocaleTitleEditTest()'><b>khmerLocaleTitleEditTest</b><br>Test class: com.atlas.automation.tests.AthleteRankingsPageTest</td>
<td><div><pre>org.openqa.selenium.ElementClickInterceptedException: element click intercepted: Element &lt;button class=&quot;MuiButtonBase-root MuiButton-root MuiButton-text MuiButton-colorInherit MuiButton-disableElevation&quot; tabindex=&quot;0&quot; type=&quot;button&quot; aria-haspopup=&quot;true&quot; aria-label=&quot;Change Language&quot; title=&quot;Change Language&quot;&gt;...&lt;/button&gt; is not clickable at point (1522, 72). Other element would receive the click: &lt;div class=&quot;MuiCollapse-container jss503 MuiCollapse-entered&quot; style=&quot;min-height: 0px;&quot;&gt;...&lt;/div&gt;
  (Session info: chrome=92.0.4515.159)
Build info: version: &apos;3.141.59&apos;, revision: &apos;e82be7d358&apos;, time: &apos;2018-11-14T08:17:03&apos;
System info: host: &apos;ONEs-MacBook-Pro.local&apos;, ip: &apos;2406:7400:73:ea15:817a:be28:8ee4:89aa%en0&apos;, os.name: &apos;Mac OS X&apos;, os.arch: &apos;x86_64&apos;, os.version: &apos;10.16&apos;, java.version: &apos;1.8.0_261&apos;
Driver info: org.openqa.selenium.chrome.ChromeDriver
Capabilities {acceptInsecureCerts: false, browserName: chrome, browserVersion: 92.0.4515.159, chrome: {chromedriverVersion: 91.0.4472.101 (af52a90bf870..., userDataDir: /var/folders/2l/293xf3k53ys...}, goog:chromeOptions: {debuggerAddress: localhost:55482}, javascriptEnabled: true, networkConnectionEnabled: false, pageLoadStrategy: normal, platform: MAC, platformName: MAC, proxy: Proxy(), setWindowRect: true, strictFileInteractability: false, timeouts: {implicit: 0, pageLoad: 300000, script: 30000}, unhandledPromptBehavior: dismiss and notify, webauthn:extension:largeBlob: true, webauthn:virtualAuthenticators: true}
Session ID: a2a0fdbde95d67142a729f68020b56a1
	at org.openqa.selenium.remote.http.W3CHttpResponseCodec.createException(W3CHttpResponseCodec.java:187)
	at org.openqa.selenium.remote.http.W3CHttpResponseCodec.decode(W3CHttpResponseCodec.java:122)
	at org.openqa.selenium.remote.http.W3CHttpResponseCodec.decode(W3CHttpResponseCodec.java:49)
	at org.openqa.selenium.remote.HttpCommandExecutor.execute(HttpCommandExecutor.java:158)
	at org.openqa.selenium.remote.service.DriverCommandExecutor.execute(DriverCommandExecutor.java:83)
	at org.openqa.selenium.remote.RemoteWebDriver.execute(RemoteWebDriver.java:552)
	at org.openqa.selenium.remote.RemoteWebElement.execute(RemoteWebElement.java:285)
	at org.openqa.selenium.remote.RemoteWebElement.click(RemoteWebElement.java:84)
	at org.openqa.selenium.support.events.EventFiringWebDriver$EventFiringWebElement.lambda$new$0(EventFiringWebDriver.java:404)
	at com.sun.proxy.$Proxy13.click(Unknown Source)
	at org.openqa.selenium.support.events.EventFiringWebDriver$EventFiringWebElement.click(EventFiringWebDriver.java:417)
	at org.openqa.selenium.support.pagefactory.internal.LocatingElementHandler.invoke(LocatingElementHandler.java:51)
	at com.sun.proxy.$Proxy11.click(Unknown Source)
	at com.atlas.automation.actions.WebdriverActions.waitForElementToBeClickable(WebdriverActions.java:56)
	at com.atlas.automation.tests.AthleteRankingsPageTest.khmerLocaleTitleEditTest(AthleteRankingsPageTest.java:195)
	at java.util.ArrayList.forEach(ArrayList.java:1259)
... Removed 37 stack frames</pre></div><a href='#' onClick='toggleBox("stack-trace1954091312", this, "Click to show all stack frames", "Click to hide stack frames")'>Click to show all stack frames</a>
<div class='stack-trace' id='stack-trace1954091312'><pre>org.openqa.selenium.ElementClickInterceptedException: element click intercepted: Element &lt;button class=&quot;MuiButtonBase-root MuiButton-root MuiButton-text MuiButton-colorInherit MuiButton-disableElevation&quot; tabindex=&quot;0&quot; type=&quot;button&quot; aria-haspopup=&quot;true&quot; aria-label=&quot;Change Language&quot; title=&quot;Change Language&quot;&gt;...&lt;/button&gt; is not clickable at point (1522, 72). Other element would receive the click: &lt;div class=&quot;MuiCollapse-container jss503 MuiCollapse-entered&quot; style=&quot;min-height: 0px;&quot;&gt;...&lt;/div&gt;
  (Session info: chrome=92.0.4515.159)
Build info: version: &apos;3.141.59&apos;, revision: &apos;e82be7d358&apos;, time: &apos;2018-11-14T08:17:03&apos;
System info: host: &apos;ONEs-MacBook-Pro.local&apos;, ip: &apos;2406:7400:73:ea15:817a:be28:8ee4:89aa%en0&apos;, os.name: &apos;Mac OS X&apos;, os.arch: &apos;x86_64&apos;, os.version: &apos;10.16&apos;, java.version: &apos;1.8.0_261&apos;
Driver info: org.openqa.selenium.chrome.ChromeDriver
Capabilities {acceptInsecureCerts: false, browserName: chrome, browserVersion: 92.0.4515.159, chrome: {chromedriverVersion: 91.0.4472.101 (af52a90bf870..., userDataDir: /var/folders/2l/293xf3k53ys...}, goog:chromeOptions: {debuggerAddress: localhost:55482}, javascriptEnabled: true, networkConnectionEnabled: false, pageLoadStrategy: normal, platform: MAC, platformName: MAC, proxy: Proxy(), setWindowRect: true, strictFileInteractability: false, timeouts: {implicit: 0, pageLoad: 300000, script: 30000}, unhandledPromptBehavior: dismiss and notify, webauthn:extension:largeBlob: true, webauthn:virtualAuthenticators: true}
Session ID: a2a0fdbde95d67142a729f68020b56a1
	at sun.reflect.NativeConstructorAccessorImpl.newInstance0(Native Method)
	at sun.reflect.NativeConstructorAccessorImpl.newInstance(NativeConstructorAccessorImpl.java:62)
	at sun.reflect.DelegatingConstructorAccessorImpl.newInstance(DelegatingConstructorAccessorImpl.java:45)
	at java.lang.reflect.Constructor.newInstance(Constructor.java:423)
	at org.openqa.selenium.remote.http.W3CHttpResponseCodec.createException(W3CHttpResponseCodec.java:187)
	at org.openqa.selenium.remote.http.W3CHttpResponseCodec.decode(W3CHttpResponseCodec.java:122)
	at org.openqa.selenium.remote.http.W3CHttpResponseCodec.decode(W3CHttpResponseCodec.java:49)
	at org.openqa.selenium.remote.HttpCommandExecutor.execute(HttpCommandExecutor.java:158)
	at org.openqa.selenium.remote.service.DriverCommandExecutor.execute(DriverCommandExecutor.java:83)
	at org.openqa.selenium.remote.RemoteWebDriver.execute(RemoteWebDriver.java:552)
	at org.openqa.selenium.remote.RemoteWebElement.execute(RemoteWebElement.java:285)
	at org.openqa.selenium.remote.RemoteWebElement.click(RemoteWebElement.java:84)
	at sun.reflect.GeneratedMethodAccessor5.invoke(Unknown Source)
	at sun.reflect.DelegatingMethodAccessorImpl.invoke(DelegatingMethodAccessorImpl.java:43)
	at java.lang.reflect.Method.invoke(Method.java:498)
	at org.openqa.selenium.support.events.EventFiringWebDriver$EventFiringWebElement.lambda$new$0(EventFiringWebDriver.java:404)
	at com.sun.proxy.$Proxy13.click(Unknown Source)
	at org.openqa.selenium.support.events.EventFiringWebDriver$EventFiringWebElement.click(EventFiringWebDriver.java:417)
	at sun.reflect.GeneratedMethodAccessor5.invoke(Unknown Source)
	at sun.reflect.DelegatingMethodAccessorImpl.invoke(DelegatingMethodAccessorImpl.java:43)
	at java.lang.reflect.Method.invoke(Method.java:498)
	at org.openqa.selenium.support.pagefactory.internal.LocatingElementHandler.invoke(LocatingElementHandler.java:51)
	at com.sun.proxy.$Proxy11.click(Unknown Source)
	at com.atlas.automation.actions.WebdriverActions.waitForElementToBeClickable(WebdriverActions.java:56)
	at com.atlas.automation.tests.AthleteRankingsPageTest.khmerLocaleTitleEditTest(AthleteRankingsPageTest.java:195)
	at sun.reflect.NativeMethodAccessorImpl.invoke0(Native Method)
	at sun.reflect.NativeMethodAccessorImpl.invoke(NativeMethodAccessorImpl.java:62)
	at sun.reflect.DelegatingMethodAccessorImpl.invoke(DelegatingMethodAccessorImpl.java:43)
	at java.lang.reflect.Method.invoke(Method.java:498)
	at org.testng.internal.MethodInvocationHelper.invokeMethod(MethodInvocationHelper.java:132)
	at org.testng.internal.TestInvoker.invokeMethod(TestInvoker.java:599)
	at org.testng.internal.TestInvoker.invokeTestMethod(TestInvoker.java:174)
	at org.testng.internal.MethodRunner.runInSequence(MethodRunner.java:46)
	at org.testng.internal.TestInvoker$MethodInvocationAgent.invoke(TestInvoker.java:822)
	at org.testng.internal.TestInvoker.invokeTestMethods(TestInvoker.java:147)
	at org.testng.internal.TestMethodWorker.invokeTestMethods(TestMethodWorker.java:146)
	at org.testng.internal.TestMethodWorker.run(TestMethodWorker.java:128)
	at java.util.ArrayList.forEach(ArrayList.java:1259)
	at org.testng.TestRunner.privateRun(TestRunner.java:764)
	at org.testng.TestRunner.run(TestRunner.java:585)
	at org.testng.SuiteRunner.runTest(SuiteRunner.java:384)
	at org.testng.SuiteRunner.runSequentially(SuiteRunner.java:378)
	at org.testng.SuiteRunner.privateRun(SuiteRunner.java:337)
	at org.testng.SuiteRunner.run(SuiteRunner.java:286)
	at org.testng.SuiteRunnerWorker.runSuite(SuiteRunnerWorker.java:53)
	at org.testng.SuiteRunnerWorker.run(SuiteRunnerWorker.java:96)
	at org.testng.TestNG.runSuitesSequentially(TestNG.java:1218)
	at org.testng.TestNG.runSuitesLocally(TestNG.java:1140)
	at org.testng.TestNG.runSuites(TestNG.java:1069)
	at org.testng.TestNG.run(TestNG.java:1037)
	at org.testng.remote.AbstractRemoteTestNG.run(AbstractRemoteTestNG.java:115)
	at org.testng.remote.RemoteTestNG.initAndRun(RemoteTestNG.java:251)
	at org.testng.remote.RemoteTestNG.main(RemoteTestNG.java:77)
</pre></div></td>
<td>6</td>
<td>com.atlas.automation.tests.AthleteRankingsPageTest@396e2f39</td></tr>
<tr>
<td title='com.atlas.automation.tests.AthleteRankingsPageTest.removeChampion()'><b>removeChampion</b><br>Test class: com.atlas.automation.tests.AthleteRankingsPageTest</td>
<td><div><pre>org.openqa.selenium.ElementClickInterceptedException: element click intercepted: Element &lt;span class=&quot;MuiButton-label&quot;&gt;...&lt;/span&gt; is not clickable at point (1456, 214). Other element would receive the click: &lt;div class=&quot;MuiGrid-root MuiGrid-item&quot;&gt;...&lt;/div&gt;
  (Session info: chrome=92.0.4515.159)
Build info: version: &apos;3.141.59&apos;, revision: &apos;e82be7d358&apos;, time: &apos;2018-11-14T08:17:03&apos;
System info: host: &apos;ONEs-MacBook-Pro.local&apos;, ip: &apos;2406:7400:73:ea15:817a:be28:8ee4:89aa%en0&apos;, os.name: &apos;Mac OS X&apos;, os.arch: &apos;x86_64&apos;, os.version: &apos;10.16&apos;, java.version: &apos;1.8.0_261&apos;
Driver info: org.openqa.selenium.chrome.ChromeDriver
Capabilities {acceptInsecureCerts: false, browserName: chrome, browserVersion: 92.0.4515.159, chrome: {chromedriverVersion: 91.0.4472.101 (af52a90bf870..., userDataDir: /var/folders/2l/293xf3k53ys...}, goog:chromeOptions: {debuggerAddress: localhost:55482}, javascriptEnabled: true, networkConnectionEnabled: false, pageLoadStrategy: normal, platform: MAC, platformName: MAC, proxy: Proxy(), setWindowRect: true, strictFileInteractability: false, timeouts: {implicit: 0, pageLoad: 300000, script: 30000}, unhandledPromptBehavior: dismiss and notify, webauthn:extension:largeBlob: true, webauthn:virtualAuthenticators: true}
Session ID: a2a0fdbde95d67142a729f68020b56a1
	at org.openqa.selenium.remote.http.W3CHttpResponseCodec.createException(W3CHttpResponseCodec.java:187)
	at org.openqa.selenium.remote.http.W3CHttpResponseCodec.decode(W3CHttpResponseCodec.java:122)
	at org.openqa.selenium.remote.http.W3CHttpResponseCodec.decode(W3CHttpResponseCodec.java:49)
	at org.openqa.selenium.remote.HttpCommandExecutor.execute(HttpCommandExecutor.java:158)
	at org.openqa.selenium.remote.service.DriverCommandExecutor.execute(DriverCommandExecutor.java:83)
	at org.openqa.selenium.remote.RemoteWebDriver.execute(RemoteWebDriver.java:552)
	at org.openqa.selenium.remote.RemoteWebElement.execute(RemoteWebElement.java:285)
	at org.openqa.selenium.remote.RemoteWebElement.click(RemoteWebElement.java:84)
	at org.openqa.selenium.support.events.EventFiringWebDriver$EventFiringWebElement.lambda$new$0(EventFiringWebDriver.java:404)
	at com.sun.proxy.$Proxy13.click(Unknown Source)
	at org.openqa.selenium.support.events.EventFiringWebDriver$EventFiringWebElement.click(EventFiringWebDriver.java:417)
	at org.openqa.selenium.support.pagefactory.internal.LocatingElementHandler.invoke(LocatingElementHandler.java:51)
	at com.sun.proxy.$Proxy11.click(Unknown Source)
	at com.atlas.automation.actions.WebdriverActions.waitForElementToBeClickable(WebdriverActions.java:56)
	at com.atlas.automation.pages.AthleteRankingPage.editBtn(AthleteRankingPage.java:392)
	at com.atlas.automation.tests.AthleteRankingsPageTest.removeChampion(AthleteRankingsPageTest.java:363)
	at java.util.ArrayList.forEach(ArrayList.java:1259)
... Removed 37 stack frames</pre></div><a href='#' onClick='toggleBox("stack-trace774310632", this, "Click to show all stack frames", "Click to hide stack frames")'>Click to show all stack frames</a>
<div class='stack-trace' id='stack-trace774310632'><pre>org.openqa.selenium.ElementClickInterceptedException: element click intercepted: Element &lt;span class=&quot;MuiButton-label&quot;&gt;...&lt;/span&gt; is not clickable at point (1456, 214). Other element would receive the click: &lt;div class=&quot;MuiGrid-root MuiGrid-item&quot;&gt;...&lt;/div&gt;
  (Session info: chrome=92.0.4515.159)
Build info: version: &apos;3.141.59&apos;, revision: &apos;e82be7d358&apos;, time: &apos;2018-11-14T08:17:03&apos;
System info: host: &apos;ONEs-MacBook-Pro.local&apos;, ip: &apos;2406:7400:73:ea15:817a:be28:8ee4:89aa%en0&apos;, os.name: &apos;Mac OS X&apos;, os.arch: &apos;x86_64&apos;, os.version: &apos;10.16&apos;, java.version: &apos;1.8.0_261&apos;
Driver info: org.openqa.selenium.chrome.ChromeDriver
Capabilities {acceptInsecureCerts: false, browserName: chrome, browserVersion: 92.0.4515.159, chrome: {chromedriverVersion: 91.0.4472.101 (af52a90bf870..., userDataDir: /var/folders/2l/293xf3k53ys...}, goog:chromeOptions: {debuggerAddress: localhost:55482}, javascriptEnabled: true, networkConnectionEnabled: false, pageLoadStrategy: normal, platform: MAC, platformName: MAC, proxy: Proxy(), setWindowRect: true, strictFileInteractability: false, timeouts: {implicit: 0, pageLoad: 300000, script: 30000}, unhandledPromptBehavior: dismiss and notify, webauthn:extension:largeBlob: true, webauthn:virtualAuthenticators: true}
Session ID: a2a0fdbde95d67142a729f68020b56a1
	at sun.reflect.NativeConstructorAccessorImpl.newInstance0(Native Method)
	at sun.reflect.NativeConstructorAccessorImpl.newInstance(NativeConstructorAccessorImpl.java:62)
	at sun.reflect.DelegatingConstructorAccessorImpl.newInstance(DelegatingConstructorAccessorImpl.java:45)
	at java.lang.reflect.Constructor.newInstance(Constructor.java:423)
	at org.openqa.selenium.remote.http.W3CHttpResponseCodec.createException(W3CHttpResponseCodec.java:187)
	at org.openqa.selenium.remote.http.W3CHttpResponseCodec.decode(W3CHttpResponseCodec.java:122)
	at org.openqa.selenium.remote.http.W3CHttpResponseCodec.decode(W3CHttpResponseCodec.java:49)
	at org.openqa.selenium.remote.HttpCommandExecutor.execute(HttpCommandExecutor.java:158)
	at org.openqa.selenium.remote.service.DriverCommandExecutor.execute(DriverCommandExecutor.java:83)
	at org.openqa.selenium.remote.RemoteWebDriver.execute(RemoteWebDriver.java:552)
	at org.openqa.selenium.remote.RemoteWebElement.execute(RemoteWebElement.java:285)
	at org.openqa.selenium.remote.RemoteWebElement.click(RemoteWebElement.java:84)
	at sun.reflect.GeneratedMethodAccessor5.invoke(Unknown Source)
	at sun.reflect.DelegatingMethodAccessorImpl.invoke(DelegatingMethodAccessorImpl.java:43)
	at java.lang.reflect.Method.invoke(Method.java:498)
	at org.openqa.selenium.support.events.EventFiringWebDriver$EventFiringWebElement.lambda$new$0(EventFiringWebDriver.java:404)
	at com.sun.proxy.$Proxy13.click(Unknown Source)
	at org.openqa.selenium.support.events.EventFiringWebDriver$EventFiringWebElement.click(EventFiringWebDriver.java:417)
	at sun.reflect.GeneratedMethodAccessor5.invoke(Unknown Source)
	at sun.reflect.DelegatingMethodAccessorImpl.invoke(DelegatingMethodAccessorImpl.java:43)
	at java.lang.reflect.Method.invoke(Method.java:498)
	at org.openqa.selenium.support.pagefactory.internal.LocatingElementHandler.invoke(LocatingElementHandler.java:51)
	at com.sun.proxy.$Proxy11.click(Unknown Source)
	at com.atlas.automation.actions.WebdriverActions.waitForElementToBeClickable(WebdriverActions.java:56)
	at com.atlas.automation.pages.AthleteRankingPage.editBtn(AthleteRankingPage.java:392)
	at com.atlas.automation.tests.AthleteRankingsPageTest.removeChampion(AthleteRankingsPageTest.java:363)
	at sun.reflect.NativeMethodAccessorImpl.invoke0(Native Method)
	at sun.reflect.NativeMethodAccessorImpl.invoke(NativeMethodAccessorImpl.java:62)
	at sun.reflect.DelegatingMethodAccessorImpl.invoke(DelegatingMethodAccessorImpl.java:43)
	at java.lang.reflect.Method.invoke(Method.java:498)
	at org.testng.internal.MethodInvocationHelper.invokeMethod(MethodInvocationHelper.java:132)
	at org.testng.internal.TestInvoker.invokeMethod(TestInvoker.java:599)
	at org.testng.internal.TestInvoker.invokeTestMethod(TestInvoker.java:174)
	at org.testng.internal.MethodRunner.runInSequence(MethodRunner.java:46)
	at org.testng.internal.TestInvoker$MethodInvocationAgent.invoke(TestInvoker.java:822)
	at org.testng.internal.TestInvoker.invokeTestMethods(TestInvoker.java:147)
	at org.testng.internal.TestMethodWorker.invokeTestMethods(TestMethodWorker.java:146)
	at org.testng.internal.TestMethodWorker.run(TestMethodWorker.java:128)
	at java.util.ArrayList.forEach(ArrayList.java:1259)
	at org.testng.TestRunner.privateRun(TestRunner.java:764)
	at org.testng.TestRunner.run(TestRunner.java:585)
	at org.testng.SuiteRunner.runTest(SuiteRunner.java:384)
	at org.testng.SuiteRunner.runSequentially(SuiteRunner.java:378)
	at org.testng.SuiteRunner.privateRun(SuiteRunner.java:337)
	at org.testng.SuiteRunner.run(SuiteRunner.java:286)
	at org.testng.SuiteRunnerWorker.runSuite(SuiteRunnerWorker.java:53)
	at org.testng.SuiteRunnerWorker.run(SuiteRunnerWorker.java:96)
	at org.testng.TestNG.runSuitesSequentially(TestNG.java:1218)
	at org.testng.TestNG.runSuitesLocally(TestNG.java:1140)
	at org.testng.TestNG.runSuites(TestNG.java:1069)
	at org.testng.TestNG.run(TestNG.java:1037)
	at org.testng.remote.AbstractRemoteTestNG.run(AbstractRemoteTestNG.java:115)
	at org.testng.remote.RemoteTestNG.initAndRun(RemoteTestNG.java:251)
	at org.testng.remote.RemoteTestNG.main(RemoteTestNG.java:77)
</pre></div></td>
<td>4</td>
<td>com.atlas.automation.tests.AthleteRankingsPageTest@396e2f39</td></tr>
<tr>
<td title='com.atlas.automation.tests.EventsPageTest.tagsdropdownTest()'><b>tagsdropdownTest</b><br>Test class: com.atlas.automation.tests.EventsPageTest</td>
<td><div><pre>org.openqa.selenium.StaleElementReferenceException: stale element reference: element is not attached to the page document
  (Session info: chrome=92.0.4515.159)
For documentation on this error, please visit: https://www.seleniumhq.org/exceptions/stale_element_reference.html
Build info: version: &apos;3.141.59&apos;, revision: &apos;e82be7d358&apos;, time: &apos;2018-11-14T08:17:03&apos;
System info: host: &apos;ONEs-MacBook-Pro.local&apos;, ip: &apos;2406:7400:73:ea15:817a:be28:8ee4:89aa%en0&apos;, os.name: &apos;Mac OS X&apos;, os.arch: &apos;x86_64&apos;, os.version: &apos;10.16&apos;, java.version: &apos;1.8.0_261&apos;
Driver info: org.openqa.selenium.chrome.ChromeDriver
Capabilities {acceptInsecureCerts: false, browserName: chrome, browserVersion: 92.0.4515.159, chrome: {chromedriverVersion: 91.0.4472.101 (af52a90bf870..., userDataDir: /var/folders/2l/293xf3k53ys...}, goog:chromeOptions: {debuggerAddress: localhost:55406}, javascriptEnabled: true, networkConnectionEnabled: false, pageLoadStrategy: normal, platform: MAC, platformName: MAC, proxy: Proxy(), setWindowRect: true, strictFileInteractability: false, timeouts: {implicit: 0, pageLoad: 300000, script: 30000}, unhandledPromptBehavior: dismiss and notify, webauthn:extension:largeBlob: true, webauthn:virtualAuthenticators: true}
Session ID: e8bcb13d4aa0591a0ffdbc5ec76afdff
	at org.openqa.selenium.remote.http.W3CHttpResponseCodec.createException(W3CHttpResponseCodec.java:187)
	at org.openqa.selenium.remote.http.W3CHttpResponseCodec.decode(W3CHttpResponseCodec.java:122)
	at org.openqa.selenium.remote.http.W3CHttpResponseCodec.decode(W3CHttpResponseCodec.java:49)
	at org.openqa.selenium.remote.HttpCommandExecutor.execute(HttpCommandExecutor.java:158)
	at org.openqa.selenium.remote.service.DriverCommandExecutor.execute(DriverCommandExecutor.java:83)
	at org.openqa.selenium.remote.RemoteWebDriver.execute(RemoteWebDriver.java:552)
	at org.openqa.selenium.remote.RemoteWebElement.execute(RemoteWebElement.java:285)
	at org.openqa.selenium.remote.RemoteWebElement.click(RemoteWebElement.java:84)
	at org.openqa.selenium.support.events.EventFiringWebDriver$EventFiringWebElement.lambda$new$0(EventFiringWebDriver.java:404)
	at com.sun.proxy.$Proxy13.click(Unknown Source)
	at org.openqa.selenium.support.events.EventFiringWebDriver$EventFiringWebElement.click(EventFiringWebDriver.java:417)
	at org.openqa.selenium.support.pagefactory.internal.LocatingElementHandler.invoke(LocatingElementHandler.java:51)
	at com.sun.proxy.$Proxy11.click(Unknown Source)
	at com.atlas.automation.pages.EventsPage.createnewEvent(EventsPage.java:992)
	at com.atlas.automation.tests.EventsPageTest.tagsdropdownTest(EventsPageTest.java:840)
	at java.util.ArrayList.forEach(ArrayList.java:1259)
... Removed 37 stack frames</pre></div><a href='#' onClick='toggleBox("stack-trace795815313", this, "Click to show all stack frames", "Click to hide stack frames")'>Click to show all stack frames</a>
<div class='stack-trace' id='stack-trace795815313'><pre>org.openqa.selenium.StaleElementReferenceException: stale element reference: element is not attached to the page document
  (Session info: chrome=92.0.4515.159)
For documentation on this error, please visit: https://www.seleniumhq.org/exceptions/stale_element_reference.html
Build info: version: &apos;3.141.59&apos;, revision: &apos;e82be7d358&apos;, time: &apos;2018-11-14T08:17:03&apos;
System info: host: &apos;ONEs-MacBook-Pro.local&apos;, ip: &apos;2406:7400:73:ea15:817a:be28:8ee4:89aa%en0&apos;, os.name: &apos;Mac OS X&apos;, os.arch: &apos;x86_64&apos;, os.version: &apos;10.16&apos;, java.version: &apos;1.8.0_261&apos;
Driver info: org.openqa.selenium.chrome.ChromeDriver
Capabilities {acceptInsecureCerts: false, browserName: chrome, browserVersion: 92.0.4515.159, chrome: {chromedriverVersion: 91.0.4472.101 (af52a90bf870..., userDataDir: /var/folders/2l/293xf3k53ys...}, goog:chromeOptions: {debuggerAddress: localhost:55406}, javascriptEnabled: true, networkConnectionEnabled: false, pageLoadStrategy: normal, platform: MAC, platformName: MAC, proxy: Proxy(), setWindowRect: true, strictFileInteractability: false, timeouts: {implicit: 0, pageLoad: 300000, script: 30000}, unhandledPromptBehavior: dismiss and notify, webauthn:extension:largeBlob: true, webauthn:virtualAuthenticators: true}
Session ID: e8bcb13d4aa0591a0ffdbc5ec76afdff
	at sun.reflect.NativeConstructorAccessorImpl.newInstance0(Native Method)
	at sun.reflect.NativeConstructorAccessorImpl.newInstance(NativeConstructorAccessorImpl.java:62)
	at sun.reflect.DelegatingConstructorAccessorImpl.newInstance(DelegatingConstructorAccessorImpl.java:45)
	at java.lang.reflect.Constructor.newInstance(Constructor.java:423)
	at org.openqa.selenium.remote.http.W3CHttpResponseCodec.createException(W3CHttpResponseCodec.java:187)
	at org.openqa.selenium.remote.http.W3CHttpResponseCodec.decode(W3CHttpResponseCodec.java:122)
	at org.openqa.selenium.remote.http.W3CHttpResponseCodec.decode(W3CHttpResponseCodec.java:49)
	at org.openqa.selenium.remote.HttpCommandExecutor.execute(HttpCommandExecutor.java:158)
	at org.openqa.selenium.remote.service.DriverCommandExecutor.execute(DriverCommandExecutor.java:83)
	at org.openqa.selenium.remote.RemoteWebDriver.execute(RemoteWebDriver.java:552)
	at org.openqa.selenium.remote.RemoteWebElement.execute(RemoteWebElement.java:285)
	at org.openqa.selenium.remote.RemoteWebElement.click(RemoteWebElement.java:84)
	at sun.reflect.GeneratedMethodAccessor5.invoke(Unknown Source)
	at sun.reflect.DelegatingMethodAccessorImpl.invoke(DelegatingMethodAccessorImpl.java:43)
	at java.lang.reflect.Method.invoke(Method.java:498)
	at org.openqa.selenium.support.events.EventFiringWebDriver$EventFiringWebElement.lambda$new$0(EventFiringWebDriver.java:404)
	at com.sun.proxy.$Proxy13.click(Unknown Source)
	at org.openqa.selenium.support.events.EventFiringWebDriver$EventFiringWebElement.click(EventFiringWebDriver.java:417)
	at sun.reflect.GeneratedMethodAccessor5.invoke(Unknown Source)
	at sun.reflect.DelegatingMethodAccessorImpl.invoke(DelegatingMethodAccessorImpl.java:43)
	at java.lang.reflect.Method.invoke(Method.java:498)
	at org.openqa.selenium.support.pagefactory.internal.LocatingElementHandler.invoke(LocatingElementHandler.java:51)
	at com.sun.proxy.$Proxy11.click(Unknown Source)
	at com.atlas.automation.pages.EventsPage.createnewEvent(EventsPage.java:992)
	at com.atlas.automation.tests.EventsPageTest.tagsdropdownTest(EventsPageTest.java:840)
	at sun.reflect.NativeMethodAccessorImpl.invoke0(Native Method)
	at sun.reflect.NativeMethodAccessorImpl.invoke(NativeMethodAccessorImpl.java:62)
	at sun.reflect.DelegatingMethodAccessorImpl.invoke(DelegatingMethodAccessorImpl.java:43)
	at java.lang.reflect.Method.invoke(Method.java:498)
	at org.testng.internal.MethodInvocationHelper.invokeMethod(MethodInvocationHelper.java:132)
	at org.testng.internal.TestInvoker.invokeMethod(TestInvoker.java:599)
	at org.testng.internal.TestInvoker.invokeTestMethod(TestInvoker.java:174)
	at org.testng.internal.MethodRunner.runInSequence(MethodRunner.java:46)
	at org.testng.internal.TestInvoker$MethodInvocationAgent.invoke(TestInvoker.java:822)
	at org.testng.internal.TestInvoker.invokeTestMethods(TestInvoker.java:147)
	at org.testng.internal.TestMethodWorker.invokeTestMethods(TestMethodWorker.java:146)
	at org.testng.internal.TestMethodWorker.run(TestMethodWorker.java:128)
	at java.util.ArrayList.forEach(ArrayList.java:1259)
	at org.testng.TestRunner.privateRun(TestRunner.java:764)
	at org.testng.TestRunner.run(TestRunner.java:585)
	at org.testng.SuiteRunner.runTest(SuiteRunner.java:384)
	at org.testng.SuiteRunner.runSequentially(SuiteRunner.java:378)
	at org.testng.SuiteRunner.privateRun(SuiteRunner.java:337)
	at org.testng.SuiteRunner.run(SuiteRunner.java:286)
	at org.testng.SuiteRunnerWorker.runSuite(SuiteRunnerWorker.java:53)
	at org.testng.SuiteRunnerWorker.run(SuiteRunnerWorker.java:96)
	at org.testng.TestNG.runSuitesSequentially(TestNG.java:1218)
	at org.testng.TestNG.runSuitesLocally(TestNG.java:1140)
	at org.testng.TestNG.runSuites(TestNG.java:1069)
	at org.testng.TestNG.run(TestNG.java:1037)
	at org.testng.remote.AbstractRemoteTestNG.run(AbstractRemoteTestNG.java:115)
	at org.testng.remote.RemoteTestNG.initAndRun(RemoteTestNG.java:251)
	at org.testng.remote.RemoteTestNG.main(RemoteTestNG.java:77)
</pre></div></td>
<td>5</td>
<td>com.atlas.automation.tests.EventsPageTest@2de8284b</td></tr>
<tr>
<td title='com.atlas.automation.tests.EventsPageTest.tagsearchDropdownTest()'><b>tagsearchDropdownTest</b><br>Test class: com.atlas.automation.tests.EventsPageTest</td>
<td><div><pre>org.openqa.selenium.NoSuchElementException: no such element: Unable to locate element: {&quot;method&quot;:&quot;xpath&quot;,&quot;selector&quot;:&quot;(//div[@class=&apos;MuiFormControl-root MuiFormControl-fullWidth&apos;])[7]&quot;}
  (Session info: chrome=92.0.4515.159)
For documentation on this error, please visit: https://www.seleniumhq.org/exceptions/no_such_element.html
Build info: version: &apos;3.141.59&apos;, revision: &apos;e82be7d358&apos;, time: &apos;2018-11-14T08:17:03&apos;
System info: host: &apos;ONEs-MacBook-Pro.local&apos;, ip: &apos;2406:7400:73:ea15:817a:be28:8ee4:89aa%en0&apos;, os.name: &apos;Mac OS X&apos;, os.arch: &apos;x86_64&apos;, os.version: &apos;10.16&apos;, java.version: &apos;1.8.0_261&apos;
Driver info: org.openqa.selenium.chrome.ChromeDriver
Capabilities {acceptInsecureCerts: false, browserName: chrome, browserVersion: 92.0.4515.159, chrome: {chromedriverVersion: 91.0.4472.101 (af52a90bf870..., userDataDir: /var/folders/2l/293xf3k53ys...}, goog:chromeOptions: {debuggerAddress: localhost:55406}, javascriptEnabled: true, networkConnectionEnabled: false, pageLoadStrategy: normal, platform: MAC, platformName: MAC, proxy: Proxy(), setWindowRect: true, strictFileInteractability: false, timeouts: {implicit: 0, pageLoad: 300000, script: 30000}, unhandledPromptBehavior: dismiss and notify, webauthn:extension:largeBlob: true, webauthn:virtualAuthenticators: true}
Session ID: e8bcb13d4aa0591a0ffdbc5ec76afdff
*** Element info: {Using=xpath, value=(//div[@class=&apos;MuiFormControl-root MuiFormControl-fullWidth&apos;])[7]}
	at org.openqa.selenium.remote.http.W3CHttpResponseCodec.createException(W3CHttpResponseCodec.java:187)
	at org.openqa.selenium.remote.http.W3CHttpResponseCodec.decode(W3CHttpResponseCodec.java:122)
	at org.openqa.selenium.remote.http.W3CHttpResponseCodec.decode(W3CHttpResponseCodec.java:49)
	at org.openqa.selenium.remote.HttpCommandExecutor.execute(HttpCommandExecutor.java:158)
	at org.openqa.selenium.remote.service.DriverCommandExecutor.execute(DriverCommandExecutor.java:83)
	at org.openqa.selenium.remote.RemoteWebDriver.execute(RemoteWebDriver.java:552)
	at org.openqa.selenium.remote.RemoteWebDriver.findElement(RemoteWebDriver.java:323)
	at org.openqa.selenium.remote.RemoteWebDriver.findElementByXPath(RemoteWebDriver.java:428)
	at org.openqa.selenium.By$ByXPath.findElement(By.java:353)
	at org.openqa.selenium.remote.RemoteWebDriver.findElement(RemoteWebDriver.java:315)
	at org.openqa.selenium.support.events.EventFiringWebDriver.lambda$new$1(EventFiringWebDriver.java:105)
	at com.sun.proxy.$Proxy7.findElement(Unknown Source)
	at org.openqa.selenium.support.events.EventFiringWebDriver.findElement(EventFiringWebDriver.java:194)
	at org.openqa.selenium.support.pagefactory.DefaultElementLocator.findElement(DefaultElementLocator.java:69)
	at org.openqa.selenium.support.pagefactory.internal.LocatingElementHandler.invoke(LocatingElementHandler.java:38)
	at com.sun.proxy.$Proxy11.click(Unknown Source)
	at com.atlas.automation.tests.EventsPageTest.tagsearchDropdownTest(EventsPageTest.java:858)
	at java.util.ArrayList.forEach(ArrayList.java:1259)
... Removed 34 stack frames</pre></div><a href='#' onClick='toggleBox("stack-trace320205269", this, "Click to show all stack frames", "Click to hide stack frames")'>Click to show all stack frames</a>
<div class='stack-trace' id='stack-trace320205269'><pre>org.openqa.selenium.NoSuchElementException: no such element: Unable to locate element: {&quot;method&quot;:&quot;xpath&quot;,&quot;selector&quot;:&quot;(//div[@class=&apos;MuiFormControl-root MuiFormControl-fullWidth&apos;])[7]&quot;}
  (Session info: chrome=92.0.4515.159)
For documentation on this error, please visit: https://www.seleniumhq.org/exceptions/no_such_element.html
Build info: version: &apos;3.141.59&apos;, revision: &apos;e82be7d358&apos;, time: &apos;2018-11-14T08:17:03&apos;
System info: host: &apos;ONEs-MacBook-Pro.local&apos;, ip: &apos;2406:7400:73:ea15:817a:be28:8ee4:89aa%en0&apos;, os.name: &apos;Mac OS X&apos;, os.arch: &apos;x86_64&apos;, os.version: &apos;10.16&apos;, java.version: &apos;1.8.0_261&apos;
Driver info: org.openqa.selenium.chrome.ChromeDriver
Capabilities {acceptInsecureCerts: false, browserName: chrome, browserVersion: 92.0.4515.159, chrome: {chromedriverVersion: 91.0.4472.101 (af52a90bf870..., userDataDir: /var/folders/2l/293xf3k53ys...}, goog:chromeOptions: {debuggerAddress: localhost:55406}, javascriptEnabled: true, networkConnectionEnabled: false, pageLoadStrategy: normal, platform: MAC, platformName: MAC, proxy: Proxy(), setWindowRect: true, strictFileInteractability: false, timeouts: {implicit: 0, pageLoad: 300000, script: 30000}, unhandledPromptBehavior: dismiss and notify, webauthn:extension:largeBlob: true, webauthn:virtualAuthenticators: true}
Session ID: e8bcb13d4aa0591a0ffdbc5ec76afdff
*** Element info: {Using=xpath, value=(//div[@class=&apos;MuiFormControl-root MuiFormControl-fullWidth&apos;])[7]}
	at sun.reflect.NativeConstructorAccessorImpl.newInstance0(Native Method)
	at sun.reflect.NativeConstructorAccessorImpl.newInstance(NativeConstructorAccessorImpl.java:62)
	at sun.reflect.DelegatingConstructorAccessorImpl.newInstance(DelegatingConstructorAccessorImpl.java:45)
	at java.lang.reflect.Constructor.newInstance(Constructor.java:423)
	at org.openqa.selenium.remote.http.W3CHttpResponseCodec.createException(W3CHttpResponseCodec.java:187)
	at org.openqa.selenium.remote.http.W3CHttpResponseCodec.decode(W3CHttpResponseCodec.java:122)
	at org.openqa.selenium.remote.http.W3CHttpResponseCodec.decode(W3CHttpResponseCodec.java:49)
	at org.openqa.selenium.remote.HttpCommandExecutor.execute(HttpCommandExecutor.java:158)
	at org.openqa.selenium.remote.service.DriverCommandExecutor.execute(DriverCommandExecutor.java:83)
	at org.openqa.selenium.remote.RemoteWebDriver.execute(RemoteWebDriver.java:552)
	at org.openqa.selenium.remote.RemoteWebDriver.findElement(RemoteWebDriver.java:323)
	at org.openqa.selenium.remote.RemoteWebDriver.findElementByXPath(RemoteWebDriver.java:428)
	at org.openqa.selenium.By$ByXPath.findElement(By.java:353)
	at org.openqa.selenium.remote.RemoteWebDriver.findElement(RemoteWebDriver.java:315)
	at sun.reflect.GeneratedMethodAccessor2.invoke(Unknown Source)
	at sun.reflect.DelegatingMethodAccessorImpl.invoke(DelegatingMethodAccessorImpl.java:43)
	at java.lang.reflect.Method.invoke(Method.java:498)
	at org.openqa.selenium.support.events.EventFiringWebDriver.lambda$new$1(EventFiringWebDriver.java:105)
	at com.sun.proxy.$Proxy7.findElement(Unknown Source)
	at org.openqa.selenium.support.events.EventFiringWebDriver.findElement(EventFiringWebDriver.java:194)
	at org.openqa.selenium.support.pagefactory.DefaultElementLocator.findElement(DefaultElementLocator.java:69)
	at org.openqa.selenium.support.pagefactory.internal.LocatingElementHandler.invoke(LocatingElementHandler.java:38)
	at com.sun.proxy.$Proxy11.click(Unknown Source)
	at com.atlas.automation.tests.EventsPageTest.tagsearchDropdownTest(EventsPageTest.java:858)
	at sun.reflect.NativeMethodAccessorImpl.invoke0(Native Method)
	at sun.reflect.NativeMethodAccessorImpl.invoke(NativeMethodAccessorImpl.java:62)
	at sun.reflect.DelegatingMethodAccessorImpl.invoke(DelegatingMethodAccessorImpl.java:43)
	at java.lang.reflect.Method.invoke(Method.java:498)
	at org.testng.internal.MethodInvocationHelper.invokeMethod(MethodInvocationHelper.java:132)
	at org.testng.internal.TestInvoker.invokeMethod(TestInvoker.java:599)
	at org.testng.internal.TestInvoker.invokeTestMethod(TestInvoker.java:174)
	at org.testng.internal.MethodRunner.runInSequence(MethodRunner.java:46)
	at org.testng.internal.TestInvoker$MethodInvocationAgent.invoke(TestInvoker.java:822)
	at org.testng.internal.TestInvoker.invokeTestMethods(TestInvoker.java:147)
	at org.testng.internal.TestMethodWorker.invokeTestMethods(TestMethodWorker.java:146)
	at org.testng.internal.TestMethodWorker.run(TestMethodWorker.java:128)
	at java.util.ArrayList.forEach(ArrayList.java:1259)
	at org.testng.TestRunner.privateRun(TestRunner.java:764)
	at org.testng.TestRunner.run(TestRunner.java:585)
	at org.testng.SuiteRunner.runTest(SuiteRunner.java:384)
	at org.testng.SuiteRunner.runSequentially(SuiteRunner.java:378)
	at org.testng.SuiteRunner.privateRun(SuiteRunner.java:337)
	at org.testng.SuiteRunner.run(SuiteRunner.java:286)
	at org.testng.SuiteRunnerWorker.runSuite(SuiteRunnerWorker.java:53)
	at org.testng.SuiteRunnerWorker.run(SuiteRunnerWorker.java:96)
	at org.testng.TestNG.runSuitesSequentially(TestNG.java:1218)
	at org.testng.TestNG.runSuitesLocally(TestNG.java:1140)
	at org.testng.TestNG.runSuites(TestNG.java:1069)
	at org.testng.TestNG.run(TestNG.java:1037)
	at org.testng.remote.AbstractRemoteTestNG.run(AbstractRemoteTestNG.java:115)
	at org.testng.remote.RemoteTestNG.initAndRun(RemoteTestNG.java:251)
	at org.testng.remote.RemoteTestNG.main(RemoteTestNG.java:77)
</pre></div></td>
<td>20</td>
<td>com.atlas.automation.tests.EventsPageTest@2de8284b</td></tr>
</table><p>
<table width='100%' border='1' class='invocation-passed'>
<tr><td colspan='4' align='center'><b>PASSED TESTS</b></td></tr>
<tr><td><b>Test method</b></td>
<td width="30%"><b>Exception</b></td>
<td width="10%"><b>Time (seconds)</b></td>
<td><b>Instance</b></td>
</tr>
<tr>
<td title='com.atlas.automation.tests.EventsPageTest.CreativecheckwithvenueEdit()'><b>CreativecheckwithvenueEdit</b><br>Test class: com.atlas.automation.tests.EventsPageTest</td>
<td></td>
<td>5</td>
<td>com.atlas.automation.tests.EventsPageTest@2de8284b</td></tr>
<tr>
<td title='com.atlas.automation.tests.EventsPageTest.addBoutPopupTest()'><b>addBoutPopupTest</b><br>Test class: com.atlas.automation.tests.EventsPageTest</td>
<td></td>
<td>0</td>
<td>com.atlas.automation.tests.EventsPageTest@2de8284b</td></tr>
<tr>
<td title='com.atlas.automation.tests.EventsPageTest.addBoutcards()'><b>addBoutcards</b><br>Test class: com.atlas.automation.tests.EventsPageTest</td>
<td></td>
<td>29</td>
<td>com.atlas.automation.tests.EventsPageTest@2de8284b</td></tr>
<tr>
<td title='com.atlas.automation.tests.EventsPageTest.addEventPopupTest()'><b>addEventPopupTest</b><br>Test class: com.atlas.automation.tests.EventsPageTest</td>
<td></td>
<td>0</td>
<td>com.atlas.automation.tests.EventsPageTest@2de8284b</td></tr>
<tr>
<td title='com.atlas.automation.tests.AthleteRankingsPageTest.addNewCategorycancel()'><b>addNewCategorycancel</b><br>Test class: com.atlas.automation.tests.AthleteRankingsPageTest</td>
<td></td>
<td>1</td>
<td>com.atlas.automation.tests.AthleteRankingsPageTest@396e2f39</td></tr>
<tr>
<td title='com.atlas.automation.tests.AthleteRankingsPageTest.addNewCategorypopup()'><b>addNewCategorypopup</b><br>Test class: com.atlas.automation.tests.AthleteRankingsPageTest</td>
<td></td>
<td>0</td>
<td>com.atlas.automation.tests.AthleteRankingsPageTest@396e2f39</td></tr>
<tr>
<td title='com.atlas.automation.tests.AthleteRankingsPageTest.addNewCategorywithoutTitle()'><b>addNewCategorywithoutTitle</b><br>Test class: com.atlas.automation.tests.AthleteRankingsPageTest</td>
<td></td>
<td>1</td>
<td>com.atlas.automation.tests.AthleteRankingsPageTest@396e2f39</td></tr>
<tr>
<td title='com.atlas.automation.tests.AthleteRankingsPageTest.addNewRank()'><b>addNewRank</b><br>Test class: com.atlas.automation.tests.AthleteRankingsPageTest</td>
<td></td>
<td>11</td>
<td>com.atlas.automation.tests.AthleteRankingsPageTest@396e2f39</td></tr>
<tr>
<td title='com.atlas.automation.tests.AthleteRankingsPageTest.addNewRankwithoutathlete()'><b>addNewRankwithoutathlete</b><br>Test class: com.atlas.automation.tests.AthleteRankingsPageTest</td>
<td></td>
<td>8</td>
<td>com.atlas.automation.tests.AthleteRankingsPageTest@396e2f39</td></tr>
<tr>
<td title='com.atlas.automation.tests.AthleteRankingsPageTest.addNewRankwithoutchampion()'><b>addNewRankwithoutchampion</b><br>Test class: com.atlas.automation.tests.AthleteRankingsPageTest</td>
<td></td>
<td>6</td>
<td>com.atlas.automation.tests.AthleteRankingsPageTest@396e2f39</td></tr>
<tr>
<td title='com.atlas.automation.tests.EventsPageTest.addTagcancel()'><b>addTagcancel</b><br>Test class: com.atlas.automation.tests.EventsPageTest</td>
<td></td>
<td>0</td>
<td>com.atlas.automation.tests.EventsPageTest@2de8284b</td></tr>
<tr>
<td title='com.atlas.automation.tests.EventsPageTest.additionofTagforBoutcreatedwithoutTag()'><b>additionofTagforBoutcreatedwithoutTag</b><br>Test class: com.atlas.automation.tests.EventsPageTest</td>
<td></td>
<td>20</td>
<td>com.atlas.automation.tests.EventsPageTest@2de8284b</td></tr>
<tr>
<td title='com.atlas.automation.tests.EventsPageTest.allEventNavigation()'><b>allEventNavigation</b><br>Test class: com.atlas.automation.tests.EventsPageTest</td>
<td></td>
<td>2</td>
<td>com.atlas.automation.tests.EventsPageTest@2de8284b</td></tr>
<tr>
<td title='com.atlas.automation.tests.AthleteRankingsPageTest.alternateAthleteBioImageSelection()'><b>alternateAthleteBioImageSelection</b><br>Test class: com.atlas.automation.tests.AthleteRankingsPageTest</td>
<td></td>
<td>0</td>
<td>com.atlas.automation.tests.AthleteRankingsPageTest@396e2f39</td></tr>
<tr>
<td title='com.atlas.automation.tests.EventsPageTest.appsettingTabTest()'><b>appsettingTabTest</b><br>Test class: com.atlas.automation.tests.EventsPageTest</td>
<td></td>
<td>7</td>
<td>com.atlas.automation.tests.EventsPageTest@2de8284b</td></tr>
<tr>
<td title='com.atlas.automation.tests.EventsPageTest.athleteClick()'><b>athleteClick</b><br>Test class: com.atlas.automation.tests.EventsPageTest</td>
<td></td>
<td>0</td>
<td>com.atlas.automation.tests.EventsPageTest@2de8284b</td></tr>
<tr>
<td title='com.atlas.automation.tests.AthleteRankingsPageTest.athleteClick()'><b>athleteClick</b><br>Test class: com.atlas.automation.tests.AthleteRankingsPageTest</td>
<td></td>
<td>0</td>
<td>com.atlas.automation.tests.AthleteRankingsPageTest@396e2f39</td></tr>
<tr>
<td title='com.atlas.automation.tests.EventsPageTest.athletebothReplace()'><b>athletebothReplace</b><br>Test class: com.atlas.automation.tests.EventsPageTest</td>
<td></td>
<td>8</td>
<td>com.atlas.automation.tests.EventsPageTest@2de8284b</td></tr>
<tr>
<td title='com.atlas.automation.tests.EventsPageTest.athletesingleReplace()'><b>athletesingleReplace</b><br>Test class: com.atlas.automation.tests.EventsPageTest</td>
<td></td>
<td>10</td>
<td>com.atlas.automation.tests.EventsPageTest@2de8284b</td></tr>
<tr>
<td title='com.atlas.automation.tests.AthleteRankingsPageTest.bahasaLocaleEditCategorypopup()'><b>bahasaLocaleEditCategorypopup</b><br>Test class: com.atlas.automation.tests.AthleteRankingsPageTest</td>
<td></td>
<td>4</td>
<td>com.atlas.automation.tests.AthleteRankingsPageTest@396e2f39</td></tr>
<tr>
<td title='com.atlas.automation.tests.AthleteRankingsPageTest.bahasaLocaleTitleEditTest()'><b>bahasaLocaleTitleEditTest</b><br>Test class: com.atlas.automation.tests.AthleteRankingsPageTest</td>
<td></td>
<td>13</td>
<td>com.atlas.automation.tests.AthleteRankingsPageTest@396e2f39</td></tr>
<tr>
<td title='com.atlas.automation.tests.EventsPageTest.boutAdditionCancel()'><b>boutAdditionCancel</b><br>Test class: com.atlas.automation.tests.EventsPageTest</td>
<td></td>
<td>0</td>
<td>com.atlas.automation.tests.EventsPageTest@2de8284b</td></tr>
<tr>
<td title='com.atlas.automation.tests.EventsPageTest.boutCardAdditionWithCatchweightvalue()'><b>boutCardAdditionWithCatchweightvalue</b><br>Test class: com.atlas.automation.tests.EventsPageTest</td>
<td></td>
<td>7</td>
<td>com.atlas.automation.tests.EventsPageTest@2de8284b</td></tr>
<tr>
<td title='com.atlas.automation.tests.EventsPageTest.boutCardAdditionWithoutAthleteName()'><b>boutCardAdditionWithoutAthleteName</b><br>Test class: com.atlas.automation.tests.EventsPageTest</td>
<td></td>
<td>2</td>
<td>com.atlas.automation.tests.EventsPageTest@2de8284b</td></tr>
<tr>
<td title='com.atlas.automation.tests.EventsPageTest.boutCardAdditionWithoutCatchweight()'><b>boutCardAdditionWithoutCatchweight</b><br>Test class: com.atlas.automation.tests.EventsPageTest</td>
<td></td>
<td>1</td>
<td>com.atlas.automation.tests.EventsPageTest@2de8284b</td></tr>
<tr>
<td title='com.atlas.automation.tests.EventsPageTest.boutCardAdditionWithoutWeightclass()'><b>boutCardAdditionWithoutWeightclass</b><br>Test class: com.atlas.automation.tests.EventsPageTest</td>
<td></td>
<td>3</td>
<td>com.atlas.automation.tests.EventsPageTest@2de8284b</td></tr>
<tr>
<td title='com.atlas.automation.tests.EventsPageTest.boutCardAdditionWithoutstyle()'><b>boutCardAdditionWithoutstyle</b><br>Test class: com.atlas.automation.tests.EventsPageTest</td>
<td></td>
<td>0</td>
<td>com.atlas.automation.tests.EventsPageTest@2de8284b</td></tr>
<tr>
<td title='com.atlas.automation.tests.EventsPageTest.boutcreationwithtag()'><b>boutcreationwithtag</b><br>Test class: com.atlas.automation.tests.EventsPageTest</td>
<td></td>
<td>11</td>
<td>com.atlas.automation.tests.EventsPageTest@2de8284b</td></tr>
<tr>
<td title='com.atlas.automation.tests.EventsPageTest.boutpageTabTest()'><b>boutpageTabTest</b><br>Test class: com.atlas.automation.tests.EventsPageTest</td>
<td></td>
<td>4</td>
<td>com.atlas.automation.tests.EventsPageTest@2de8284b</td></tr>
<tr>
<td title='com.atlas.automation.tests.EventsPageTest.cancelEvent()'><b>cancelEvent</b><br>Test class: com.atlas.automation.tests.EventsPageTest</td>
<td></td>
<td>2</td>
<td>com.atlas.automation.tests.EventsPageTest@2de8284b</td></tr>
<tr>
<td title='com.atlas.automation.tests.AthleteRankingsPageTest.cancelRank()'><b>cancelRank</b><br>Test class: com.atlas.automation.tests.AthleteRankingsPageTest</td>
<td></td>
<td>4</td>
<td>com.atlas.automation.tests.AthleteRankingsPageTest@396e2f39</td></tr>
<tr>
<td title='com.atlas.automation.tests.AthleteRankingsPageTest.categoryEdit()'><b>categoryEdit</b><br>Test class: com.atlas.automation.tests.AthleteRankingsPageTest</td>
<td></td>
<td>7</td>
<td>com.atlas.automation.tests.AthleteRankingsPageTest@396e2f39</td></tr>
<tr>
<td title='com.atlas.automation.tests.EventsPageTest.championshipBoutToNonChampionshipBout()'><b>championshipBoutToNonChampionshipBout</b><br>Test class: com.atlas.automation.tests.EventsPageTest</td>
<td></td>
<td>6</td>
<td>com.atlas.automation.tests.EventsPageTest@2de8284b</td></tr>
<tr>
<td title='com.atlas.automation.tests.AthleteRankingsPageTest.checkBahasaLocale()'><b>checkBahasaLocale</b><br>Test class: com.atlas.automation.tests.AthleteRankingsPageTest</td>
<td></td>
<td>5</td>
<td>com.atlas.automation.tests.AthleteRankingsPageTest@396e2f39</td></tr>
<tr>
<td title='com.atlas.automation.tests.AthleteRankingsPageTest.checkHindiLocale()'><b>checkHindiLocale</b><br>Test class: com.atlas.automation.tests.AthleteRankingsPageTest</td>
<td></td>
<td>3</td>
<td>com.atlas.automation.tests.AthleteRankingsPageTest@396e2f39</td></tr>
<tr>
<td title='com.atlas.automation.tests.AthleteRankingsPageTest.checkKhmerLocale()'><b>checkKhmerLocale</b><br>Test class: com.atlas.automation.tests.AthleteRankingsPageTest</td>
<td></td>
<td>3</td>
<td>com.atlas.automation.tests.AthleteRankingsPageTest@396e2f39</td></tr>
<tr>
<td title='com.atlas.automation.tests.EventsPageTest.clearFilter()'><b>clearFilter</b><br>Test class: com.atlas.automation.tests.EventsPageTest</td>
<td></td>
<td>20</td>
<td>com.atlas.automation.tests.EventsPageTest@2de8284b</td></tr>
<tr>
<td title='com.atlas.automation.tests.EventsPageTest.confirmToUnconfirm()'><b>confirmToUnconfirm</b><br>Test class: com.atlas.automation.tests.EventsPageTest</td>
<td></td>
<td>6</td>
<td>com.atlas.automation.tests.EventsPageTest@2de8284b</td></tr>
<tr>
<td title='com.atlas.automation.tests.EventsPageTest.confirmedBoutTagTest()'><b>confirmedBoutTagTest</b><br>Test class: com.atlas.automation.tests.EventsPageTest</td>
<td></td>
<td>35</td>
<td>com.atlas.automation.tests.EventsPageTest@2de8284b</td></tr>
<tr>
<td title='com.atlas.automation.tests.EventsPageTest.createEventwithoutShowTitle()'><b>createEventwithoutShowTitle</b><br>Test class: com.atlas.automation.tests.EventsPageTest</td>
<td></td>
<td>0</td>
<td>com.atlas.automation.tests.EventsPageTest@2de8284b</td></tr>
<tr>
<td title='com.atlas.automation.tests.EventsPageTest.createEventwithoutShowTypeField()'><b>createEventwithoutShowTypeField</b><br>Test class: com.atlas.automation.tests.EventsPageTest</td>
<td></td>
<td>0</td>
<td>com.atlas.automation.tests.EventsPageTest@2de8284b</td></tr>
<tr>
<td title='com.atlas.automation.tests.EventsPageTest.createNewEventTest()'><b>createNewEventTest</b><br>Test class: com.atlas.automation.tests.EventsPageTest</td>
<td></td>
<td>4</td>
<td>com.atlas.automation.tests.EventsPageTest@2de8284b</td></tr>
<tr>
<td title='com.atlas.automation.tests.EventsPageTest.creativeTabTest()'><b>creativeTabTest</b><br>Test class: com.atlas.automation.tests.EventsPageTest</td>
<td></td>
<td>2</td>
<td>com.atlas.automation.tests.EventsPageTest@2de8284b</td></tr>
<tr>
<td title='com.atlas.automation.tests.EventsPageTest.creativeUpload()'><b>creativeUpload</b><br>Test class: com.atlas.automation.tests.EventsPageTest</td>
<td></td>
<td>62</td>
<td>com.atlas.automation.tests.EventsPageTest@2de8284b</td></tr>
<tr>
<td title='com.atlas.automation.tests.EventsPageTest.creativeWithwrongDimension()'><b>creativeWithwrongDimension</b><br>Test class: com.atlas.automation.tests.EventsPageTest</td>
<td></td>
<td>23</td>
<td>com.atlas.automation.tests.EventsPageTest@2de8284b</td></tr>
<tr>
<td title='com.atlas.automation.tests.EventsPageTest.creativecheckwithvenueaddition()'><b>creativecheckwithvenueaddition</b><br>Test class: com.atlas.automation.tests.EventsPageTest</td>
<td></td>
<td>7</td>
<td>com.atlas.automation.tests.EventsPageTest@2de8284b</td></tr>
<tr>
<td title='com.atlas.automation.tests.EventsPageTest.deleteBoutcard()'><b>deleteBoutcard</b><br>Test class: com.atlas.automation.tests.EventsPageTest</td>
<td></td>
<td>11</td>
<td>com.atlas.automation.tests.EventsPageTest@2de8284b</td></tr>
<tr>
<td title='com.atlas.automation.tests.EventsPageTest.deleteCancelTest()'><b>deleteCancelTest</b><br>Test class: com.atlas.automation.tests.EventsPageTest</td>
<td></td>
<td>0</td>
<td>com.atlas.automation.tests.EventsPageTest@2de8284b</td></tr>
<tr>
<td title='com.atlas.automation.tests.EventsPageTest.deletePermanentlyText()'><b>deletePermanentlyText</b><br>Test class: com.atlas.automation.tests.EventsPageTest</td>
<td></td>
<td>0</td>
<td>com.atlas.automation.tests.EventsPageTest@2de8284b</td></tr>
<tr>
<td title='com.atlas.automation.tests.EventsPageTest.deletePopTest()'><b>deletePopTest</b><br>Test class: com.atlas.automation.tests.EventsPageTest</td>
<td></td>
<td>0</td>
<td>com.atlas.automation.tests.EventsPageTest@2de8284b</td></tr>
<tr>
<td title='com.atlas.automation.tests.AthleteRankingsPageTest.deleteRank()'><b>deleteRank</b><br>Test class: com.atlas.automation.tests.AthleteRankingsPageTest</td>
<td></td>
<td>19</td>
<td>com.atlas.automation.tests.AthleteRankingsPageTest@396e2f39</td></tr>
<tr>
<td title='com.atlas.automation.tests.AthleteRankingsPageTest.deleteRankcancel()'><b>deleteRankcancel</b><br>Test class: com.atlas.automation.tests.AthleteRankingsPageTest</td>
<td></td>
<td>3</td>
<td>com.atlas.automation.tests.AthleteRankingsPageTest@396e2f39</td></tr>
<tr>
<td title='com.atlas.automation.tests.EventsPageTest.deleteTextEnable()'><b>deleteTextEnable</b><br>Test class: com.atlas.automation.tests.EventsPageTest</td>
<td></td>
<td>0</td>
<td>com.atlas.automation.tests.EventsPageTest@2de8284b</td></tr>
<tr>
<td title='com.atlas.automation.tests.EventsPageTest.deleteTextenable()'><b>deleteTextenable</b><br>Test class: com.atlas.automation.tests.EventsPageTest</td>
<td></td>
<td>0</td>
<td>com.atlas.automation.tests.EventsPageTest@2de8284b</td></tr>
<tr>
<td title='com.atlas.automation.tests.EventsPageTest.description()'><b>description</b><br>Test class: com.atlas.automation.tests.EventsPageTest</td>
<td></td>
<td>18</td>
<td>com.atlas.automation.tests.EventsPageTest@2de8284b</td></tr>
<tr>
<td title='com.atlas.automation.tests.EventsPageTest.detailTabTest()'><b>detailTabTest</b><br>Test class: com.atlas.automation.tests.EventsPageTest</td>
<td></td>
<td>3</td>
<td>com.atlas.automation.tests.EventsPageTest@2de8284b</td></tr>
<tr>
<td title='com.atlas.automation.tests.AthleteRankingsPageTest.dropdownTest()'><b>dropdownTest</b><br>Test class: com.atlas.automation.tests.AthleteRankingsPageTest</td>
<td></td>
<td>1</td>
<td>com.atlas.automation.tests.AthleteRankingsPageTest@396e2f39</td></tr>
<tr>
<td title='com.atlas.automation.tests.AthleteRankingsPageTest.duplicateAthleteAddition()'><b>duplicateAthleteAddition</b><br>Test class: com.atlas.automation.tests.AthleteRankingsPageTest</td>
<td></td>
<td>5</td>
<td>com.atlas.automation.tests.AthleteRankingsPageTest@396e2f39</td></tr>
<tr>
<td title='com.atlas.automation.tests.EventsPageTest.duplicateEventCreationTest()'><b>duplicateEventCreationTest</b><br>Test class: com.atlas.automation.tests.EventsPageTest</td>
<td></td>
<td>2</td>
<td>com.atlas.automation.tests.EventsPageTest@2de8284b</td></tr>
<tr>
<td title='com.atlas.automation.tests.AthleteRankingsPageTest.editCategorypopup()'><b>editCategorypopup</b><br>Test class: com.atlas.automation.tests.AthleteRankingsPageTest</td>
<td></td>
<td>6</td>
<td>com.atlas.automation.tests.AthleteRankingsPageTest@396e2f39</td></tr>
<tr>
<td title='com.atlas.automation.tests.EventsPageTest.eventDetailsEdit()'><b>eventDetailsEdit</b><br>Test class: com.atlas.automation.tests.EventsPageTest</td>
<td></td>
<td>0</td>
<td>com.atlas.automation.tests.EventsPageTest@2de8284b</td></tr>
<tr>
<td title='com.atlas.automation.tests.EventsPageTest.eventSearchByNameTest()'><b>eventSearchByNameTest</b><br>Test class: com.atlas.automation.tests.EventsPageTest</td>
<td></td>
<td>5</td>
<td>com.atlas.automation.tests.EventsPageTest@2de8284b</td></tr>
<tr>
<td title='com.atlas.automation.tests.EventsPageTest.eventSearchByNamewithfilterTest()'><b>eventSearchByNamewithfilterTest</b><br>Test class: com.atlas.automation.tests.EventsPageTest</td>
<td></td>
<td>5</td>
<td>com.atlas.automation.tests.EventsPageTest@2de8284b</td></tr>
<tr>
<td title='com.atlas.automation.tests.EventsPageTest.eventcreationwithdifferentTagTest()'><b>eventcreationwithdifferentTagTest</b><br>Test class: com.atlas.automation.tests.EventsPageTest</td>
<td></td>
<td>34</td>
<td>com.atlas.automation.tests.EventsPageTest@2de8284b</td></tr>
<tr>
<td title='com.atlas.automation.tests.EventsPageTest.eventcreationwithnoTagTest()'><b>eventcreationwithnoTagTest</b><br>Test class: com.atlas.automation.tests.EventsPageTest</td>
<td></td>
<td>31</td>
<td>com.atlas.automation.tests.EventsPageTest@2de8284b</td></tr>
<tr>
<td title='com.atlas.automation.tests.EventsPageTest.eventcreationwithsameTagTest()'><b>eventcreationwithsameTagTest</b><br>Test class: com.atlas.automation.tests.EventsPageTest</td>
<td></td>
<td>55</td>
<td>com.atlas.automation.tests.EventsPageTest@2de8284b</td></tr>
<tr>
<td title='com.atlas.automation.tests.EventsPageTest.filterByEventByShowtypeandvenue()'><b>filterByEventByShowtypeandvenue</b><br>Test class: com.atlas.automation.tests.EventsPageTest</td>
<td></td>
<td>11</td>
<td>com.atlas.automation.tests.EventsPageTest@2de8284b</td></tr>
<tr>
<td title='com.atlas.automation.tests.EventsPageTest.filterByShowType()'><b>filterByShowType</b><br>Test class: com.atlas.automation.tests.EventsPageTest</td>
<td></td>
<td>3</td>
<td>com.atlas.automation.tests.EventsPageTest@2de8284b</td></tr>
<tr>
<td title='com.atlas.automation.tests.AthleteRankingsPageTest.hindiLocaleEditCategorypopup()'><b>hindiLocaleEditCategorypopup</b><br>Test class: com.atlas.automation.tests.AthleteRankingsPageTest</td>
<td></td>
<td>4</td>
<td>com.atlas.automation.tests.AthleteRankingsPageTest@396e2f39</td></tr>
<tr>
<td title='com.atlas.automation.tests.AthleteRankingsPageTest.hindiLocaleTitleEditTest()'><b>hindiLocaleTitleEditTest</b><br>Test class: com.atlas.automation.tests.AthleteRankingsPageTest</td>
<td></td>
<td>9</td>
<td>com.atlas.automation.tests.AthleteRankingsPageTest@396e2f39</td></tr>
<tr>
<td title='com.atlas.automation.tests.AthleteRankingsPageTest.khmerLocaleEditCategorypopup()'><b>khmerLocaleEditCategorypopup</b><br>Test class: com.atlas.automation.tests.AthleteRankingsPageTest</td>
<td></td>
<td>8</td>
<td>com.atlas.automation.tests.AthleteRankingsPageTest@396e2f39</td></tr>
<tr>
<td title='com.atlas.automation.tests.EventsPageTest.logTest()'><b>logTest</b><br>Test class: com.atlas.automation.tests.EventsPageTest</td>
<td></td>
<td>19</td>
<td>com.atlas.automation.tests.EventsPageTest@2de8284b</td></tr>
<tr>
<td title='com.atlas.automation.tests.EventsPageTest.markAllasConfirmed()'><b>markAllasConfirmed</b><br>Test class: com.atlas.automation.tests.EventsPageTest</td>
<td></td>
<td>26</td>
<td>com.atlas.automation.tests.EventsPageTest@2de8284b</td></tr>
<tr>
<td title='com.atlas.automation.tests.EventsPageTest.navigation()'><b>navigation</b><br>Test class: com.atlas.automation.tests.EventsPageTest</td>
<td></td>
<td>4</td>
<td>com.atlas.automation.tests.EventsPageTest@2de8284b</td></tr>
<tr>
<td title='com.atlas.automation.tests.EventsPageTest.nonChampionshipBoutToChampionshipBout()'><b>nonChampionshipBoutToChampionshipBout</b><br>Test class: com.atlas.automation.tests.EventsPageTest</td>
<td></td>
<td>0</td>
<td>com.atlas.automation.tests.EventsPageTest@2de8284b</td></tr>
<tr>
<td title='com.atlas.automation.tests.EventsPageTest.pastEventNavigation()'><b>pastEventNavigation</b><br>Test class: com.atlas.automation.tests.EventsPageTest</td>
<td></td>
<td>3</td>
<td>com.atlas.automation.tests.EventsPageTest@2de8284b</td></tr>
<tr>
<td title='com.atlas.automation.tests.EventsPageTest.publishtoteamEventcreationwithnoTagTest()'><b>publishtoteamEventcreationwithnoTagTest</b><br>Test class: com.atlas.automation.tests.EventsPageTest</td>
<td></td>
<td>17</td>
<td>com.atlas.automation.tests.EventsPageTest@2de8284b</td></tr>
<tr>
<td title='com.atlas.automation.tests.AthleteRankingsPageTest.rankedit()'><b>rankedit</b><br>Test class: com.atlas.automation.tests.AthleteRankingsPageTest</td>
<td></td>
<td>11</td>
<td>com.atlas.automation.tests.AthleteRankingsPageTest@396e2f39</td></tr>
<tr>
<td title='com.atlas.automation.tests.AthleteRankingsPageTest.reoderPopup()'><b>reoderPopup</b><br>Test class: com.atlas.automation.tests.AthleteRankingsPageTest</td>
<td></td>
<td>0</td>
<td>com.atlas.automation.tests.AthleteRankingsPageTest@396e2f39</td></tr>
<tr>
<td title='com.atlas.automation.tests.EventsPageTest.searchAthlete()'><b>searchAthlete</b><br>Test class: com.atlas.automation.tests.EventsPageTest</td>
<td></td>
<td>2</td>
<td>com.atlas.automation.tests.EventsPageTest@2de8284b</td></tr>
<tr>
<td title='com.atlas.automation.tests.EventsPageTest.searchChampionship()'><b>searchChampionship</b><br>Test class: com.atlas.automation.tests.EventsPageTest</td>
<td></td>
<td>0</td>
<td>com.atlas.automation.tests.EventsPageTest@2de8284b</td></tr>
<tr>
<td title='com.atlas.automation.tests.EventsPageTest.searchTypeFilter()'><b>searchTypeFilter</b><br>Test class: com.atlas.automation.tests.EventsPageTest</td>
<td></td>
<td>3</td>
<td>com.atlas.automation.tests.EventsPageTest@2de8284b</td></tr>
<tr>
<td title='com.atlas.automation.tests.EventsPageTest.searchstyle()'><b>searchstyle</b><br>Test class: com.atlas.automation.tests.EventsPageTest</td>
<td></td>
<td>0</td>
<td>com.atlas.automation.tests.EventsPageTest@2de8284b</td></tr>
<tr>
<td title='com.atlas.automation.tests.EventsPageTest.searchvenueFilter()'><b>searchvenueFilter</b><br>Test class: com.atlas.automation.tests.EventsPageTest</td>
<td></td>
<td>0</td>
<td>com.atlas.automation.tests.EventsPageTest@2de8284b</td></tr>
<tr>
<td title='com.atlas.automation.tests.EventsPageTest.sortbyDescendingOrder()'><b>sortbyDescendingOrder</b><br>Test class: com.atlas.automation.tests.EventsPageTest</td>
<td></td>
<td>3</td>
<td>com.atlas.automation.tests.EventsPageTest@2de8284b</td></tr>
<tr>
<td title='com.atlas.automation.tests.EventsPageTest.sortbyascendingorder()'><b>sortbyascendingorder</b><br>Test class: com.atlas.automation.tests.EventsPageTest</td>
<td></td>
<td>4</td>
<td>com.atlas.automation.tests.EventsPageTest@2de8284b</td></tr>
<tr>
<td title='com.atlas.automation.tests.EventsPageTest.superseries()'><b>superseries</b><br>Test class: com.atlas.automation.tests.EventsPageTest</td>
<td></td>
<td>9</td>
<td>com.atlas.automation.tests.EventsPageTest@2de8284b</td></tr>
<tr>
<td title='com.atlas.automation.tests.EventsPageTest.tagAddition()'><b>tagAddition</b><br>Test class: com.atlas.automation.tests.EventsPageTest</td>
<td></td>
<td>7</td>
<td>com.atlas.automation.tests.EventsPageTest@2de8284b</td></tr>
<tr>
<td title='com.atlas.automation.tests.EventsPageTest.tagDeletion()'><b>tagDeletion</b><br>Test class: com.atlas.automation.tests.EventsPageTest</td>
<td></td>
<td>14</td>
<td>com.atlas.automation.tests.EventsPageTest@2de8284b</td></tr>
<tr>
<td title='com.atlas.automation.tests.EventsPageTest.tagDeletionancel()'><b>tagDeletionancel</b><br>Test class: com.atlas.automation.tests.EventsPageTest</td>
<td></td>
<td>0</td>
<td>com.atlas.automation.tests.EventsPageTest@2de8284b</td></tr>
<tr>
<td title='com.atlas.automation.tests.EventsPageTest.unconfirmToconfirm()'><b>unconfirmToconfirm</b><br>Test class: com.atlas.automation.tests.EventsPageTest</td>
<td></td>
<td>5</td>
<td>com.atlas.automation.tests.EventsPageTest@2de8284b</td></tr>
<tr>
<td title='com.atlas.automation.tests.EventsPageTest.verifyEventFilterOptionsTest()'><b>verifyEventFilterOptionsTest</b><br>Test class: com.atlas.automation.tests.EventsPageTest</td>
<td></td>
<td>2</td>
<td>com.atlas.automation.tests.EventsPageTest@2de8284b</td></tr>
</table><p>
</body>
</html>