<?xml version="1.0" encoding="UTF-8"?>
<!-- Generated by org.testng.reporters.JUnitReportReporter -->
<testsuite skipped="0" hostname="ONEs-MacBook-Pro.local" name="com.atlas.automation.tests.AthleteRankingsPageTest" tests="28" failures="1" timestamp="2021-08-25T16:16:13 IST" time="175.074" errors="2">
  <testcase name="editCategorypopup" time="6.321" classname="com.atlas.automation.tests.AthleteRankingsPageTest"/>
  <system-out/>
  <testcase name="addNewCategorypopup" time="0.675" classname="com.atlas.automation.tests.AthleteRankingsPageTest"/>
  <system-out/>
  <testcase name="dropdownTest" time="1.569" classname="com.atlas.automation.tests.AthleteRankingsPageTest"/>
  <system-out/>
  <testcase name="addNewCategorycancel" time="1.459" classname="com.atlas.automation.tests.AthleteRankingsPageTest"/>
  <system-out/>
  <testcase name="addNewCategorywithoutTitle" time="1.029" classname="com.atlas.automation.tests.AthleteRankingsPageTest"/>
  <system-out/>
  <testcase name="hindiLocaleEditCategorypopup" time="4.031" classname="com.atlas.automation.tests.AthleteRankingsPageTest"/>
  <system-out/>
  <testcase name="bahasaLocaleEditCategorypopup" time="4.044" classname="com.atlas.automation.tests.AthleteRankingsPageTest"/>
  <system-out/>
  <testcase name="khmerLocaleEditCategorypopup" time="8.982" classname="com.atlas.automation.tests.AthleteRankingsPageTest"/>
  <system-out/>
  <testcase name="hindiLocaleTitleEditTest" time="9.066" classname="com.atlas.automation.tests.AthleteRankingsPageTest"/>
  <system-out/>
  <testcase name="bahasaLocaleTitleEditTest" time="13.354" classname="com.atlas.automation.tests.AthleteRankingsPageTest"/>
  <system-out/>
  <testcase name="khmerLocaleTitleEditTest" time="6.557" classname="com.atlas.automation.tests.AthleteRankingsPageTest">
    <error type="org.openqa.selenium.ElementClickInterceptedException" message="element click intercepted: Element &lt;button class=&quot;MuiButtonBase-root MuiButton-root MuiButton-text MuiButton-colorInherit MuiButton-disableElevation&quot; tabindex=&quot;0&quot; type=&quot;button&quot; aria-haspopup=&quot;true&quot; aria-label=&quot;Change Language&quot; title=&quot;Change Language&quot;&gt;...&lt;/button&gt; is not clickable at point (1522, 72). Other element would receive the click: &lt;div class=&quot;MuiCollapse-container jss503 MuiCollapse-entered&quot; style=&quot;min-height: 0px;&quot;&gt;...&lt;/div&gt;
  (Session info: chrome=92.0.4515.159)
Build info: version: &#039;3.141.59&#039;, revision: &#039;e82be7d358&#039;, time: &#039;2018-11-14T08:17:03&#039;
System info: host: &#039;ONEs-MacBook-Pro.local&#039;, ip: &#039;2406:7400:73:ea15:817a:be28:8ee4:89aa%en0&#039;, os.name: &#039;Mac OS X&#039;, os.arch: &#039;x86_64&#039;, os.version: &#039;10.16&#039;, java.version: &#039;1.8.0_261&#039;
Driver info: org.openqa.selenium.chrome.ChromeDriver
Capabilities {acceptInsecureCerts: false, browserName: chrome, browserVersion: 92.0.4515.159, chrome: {chromedriverVersion: 91.0.4472.101 (af52a90bf870..., userDataDir: /var/folders/2l/293xf3k53ys...}, goog:chromeOptions: {debuggerAddress: localhost:55482}, javascriptEnabled: true, networkConnectionEnabled: false, pageLoadStrategy: normal, platform: MAC, platformName: MAC, proxy: Proxy(), setWindowRect: true, strictFileInteractability: false, timeouts: {implicit: 0, pageLoad: 300000, script: 30000}, unhandledPromptBehavior: dismiss and notify, webauthn:extension:largeBlob: true, webauthn:virtualAuthenticators: true}
Session ID: a2a0fdbde95d67142a729f68020b56a1">
      <![CDATA[org.openqa.selenium.ElementClickInterceptedException: element click intercepted: Element <button class="MuiButtonBase-root MuiButton-root MuiButton-text MuiButton-colorInherit MuiButton-disableElevation" tabindex="0" type="button" aria-haspopup="true" aria-label="Change Language" title="Change Language">...</button> is not clickable at point (1522, 72). Other element would receive the click: <div class="MuiCollapse-container jss503 MuiCollapse-entered" style="min-height: 0px;">...</div>
  (Session info: chrome=92.0.4515.159)
Build info: version: '3.141.59', revision: 'e82be7d358', time: '2018-11-14T08:17:03'
System info: host: 'ONEs-MacBook-Pro.local', ip: '2406:7400:73:ea15:817a:be28:8ee4:89aa%en0', os.name: 'Mac OS X', os.arch: 'x86_64', os.version: '10.16', java.version: '1.8.0_261'
Driver info: org.openqa.selenium.chrome.ChromeDriver
Capabilities {acceptInsecureCerts: false, browserName: chrome, browserVersion: 92.0.4515.159, chrome: {chromedriverVersion: 91.0.4472.101 (af52a90bf870..., userDataDir: /var/folders/2l/293xf3k53ys...}, goog:chromeOptions: {debuggerAddress: localhost:55482}, javascriptEnabled: true, networkConnectionEnabled: false, pageLoadStrategy: normal, platform: MAC, platformName: MAC, proxy: Proxy(), setWindowRect: true, strictFileInteractability: false, timeouts: {implicit: 0, pageLoad: 300000, script: 30000}, unhandledPromptBehavior: dismiss and notify, webauthn:extension:largeBlob: true, webauthn:virtualAuthenticators: true}
Session ID: a2a0fdbde95d67142a729f68020b56a1
at sun.reflect.NativeConstructorAccessorImpl.newInstance0(Native Method)
at sun.reflect.NativeConstructorAccessorImpl.newInstance(NativeConstructorAccessorImpl.java:62)
at sun.reflect.DelegatingConstructorAccessorImpl.newInstance(DelegatingConstructorAccessorImpl.java:45)
at java.lang.reflect.Constructor.newInstance(Constructor.java:423)
at org.openqa.selenium.remote.http.W3CHttpResponseCodec.createException(W3CHttpResponseCodec.java:187)
at org.openqa.selenium.remote.http.W3CHttpResponseCodec.decode(W3CHttpResponseCodec.java:122)
at org.openqa.selenium.remote.http.W3CHttpResponseCodec.decode(W3CHttpResponseCodec.java:49)
at org.openqa.selenium.remote.HttpCommandExecutor.execute(HttpCommandExecutor.java:158)
at org.openqa.selenium.remote.service.DriverCommandExecutor.execute(DriverCommandExecutor.java:83)
at org.openqa.selenium.remote.RemoteWebDriver.execute(RemoteWebDriver.java:552)
at org.openqa.selenium.remote.RemoteWebElement.execute(RemoteWebElement.java:285)
at org.openqa.selenium.remote.RemoteWebElement.click(RemoteWebElement.java:84)
at sun.reflect.GeneratedMethodAccessor5.invoke(Unknown Source)
at sun.reflect.DelegatingMethodAccessorImpl.invoke(DelegatingMethodAccessorImpl.java:43)
at java.lang.reflect.Method.invoke(Method.java:498)
at org.openqa.selenium.support.events.EventFiringWebDriver$EventFiringWebElement.lambda$new$0(EventFiringWebDriver.java:404)
at com.sun.proxy.$Proxy13.click(Unknown Source)
at org.openqa.selenium.support.events.EventFiringWebDriver$EventFiringWebElement.click(EventFiringWebDriver.java:417)
at sun.reflect.GeneratedMethodAccessor5.invoke(Unknown Source)
at sun.reflect.DelegatingMethodAccessorImpl.invoke(DelegatingMethodAccessorImpl.java:43)
at java.lang.reflect.Method.invoke(Method.java:498)
at org.openqa.selenium.support.pagefactory.internal.LocatingElementHandler.invoke(LocatingElementHandler.java:51)
at com.sun.proxy.$Proxy11.click(Unknown Source)
at com.atlas.automation.actions.WebdriverActions.waitForElementToBeClickable(WebdriverActions.java:56)
at com.atlas.automation.tests.AthleteRankingsPageTest.khmerLocaleTitleEditTest(AthleteRankingsPageTest.java:195)
at sun.reflect.NativeMethodAccessorImpl.invoke0(Native Method)
at sun.reflect.NativeMethodAccessorImpl.invoke(NativeMethodAccessorImpl.java:62)
at sun.reflect.DelegatingMethodAccessorImpl.invoke(DelegatingMethodAccessorImpl.java:43)
at java.lang.reflect.Method.invoke(Method.java:498)
at org.testng.internal.MethodInvocationHelper.invokeMethod(MethodInvocationHelper.java:132)
at org.testng.internal.TestInvoker.invokeMethod(TestInvoker.java:599)
at org.testng.internal.TestInvoker.invokeTestMethod(TestInvoker.java:174)
at org.testng.internal.MethodRunner.runInSequence(MethodRunner.java:46)
at org.testng.internal.TestInvoker$MethodInvocationAgent.invoke(TestInvoker.java:822)
at org.testng.internal.TestInvoker.invokeTestMethods(TestInvoker.java:147)
at org.testng.internal.TestMethodWorker.invokeTestMethods(TestMethodWorker.java:146)
at org.testng.internal.TestMethodWorker.run(TestMethodWorker.java:128)
at java.util.ArrayList.forEach(ArrayList.java:1259)
at org.testng.TestRunner.privateRun(TestRunner.java:764)
at org.testng.TestRunner.run(TestRunner.java:585)
at org.testng.SuiteRunner.runTest(SuiteRunner.java:384)
at org.testng.SuiteRunner.runSequentially(SuiteRunner.java:378)
at org.testng.SuiteRunner.privateRun(SuiteRunner.java:337)
at org.testng.SuiteRunner.run(SuiteRunner.java:286)
at org.testng.SuiteRunnerWorker.runSuite(SuiteRunnerWorker.java:53)
at org.testng.SuiteRunnerWorker.run(SuiteRunnerWorker.java:96)
at org.testng.TestNG.runSuitesSequentially(TestNG.java:1218)
at org.testng.TestNG.runSuitesLocally(TestNG.java:1140)
at org.testng.TestNG.runSuites(TestNG.java:1069)
at org.testng.TestNG.run(TestNG.java:1037)
at org.testng.remote.AbstractRemoteTestNG.run(AbstractRemoteTestNG.java:115)
at org.testng.remote.RemoteTestNG.initAndRun(RemoteTestNG.java:251)
at org.testng.remote.RemoteTestNG.main(RemoteTestNG.java:77)
]]>
    </error>
  </testcase> <!-- khmerLocaleTitleEditTest -->
  <system-out/>
  <testcase name="addNewCategorywithonlyTitleandnorankers" time="19.476" classname="com.atlas.automation.tests.AthleteRankingsPageTest">
    <failure type="java.lang.AssertionError" message="expected [HeavyWeight] but found [LightHeavyWeight]">
      <![CDATA[java.lang.AssertionError: expected [HeavyWeight] but found [LightHeavyWeight]
at org.testng.Assert.fail(Assert.java:99)
at org.testng.Assert.failNotEquals(Assert.java:1037)
at org.testng.Assert.assertEqualsImpl(Assert.java:140)
at org.testng.Assert.assertEquals(Assert.java:122)
at org.testng.Assert.assertEquals(Assert.java:629)
at org.testng.Assert.assertEquals(Assert.java:639)
at com.atlas.automation.tests.AthleteRankingsPageTest.addNewCategorywithonlyTitleandnorankers(AthleteRankingsPageTest.java:217)
at sun.reflect.NativeMethodAccessorImpl.invoke0(Native Method)
at sun.reflect.NativeMethodAccessorImpl.invoke(NativeMethodAccessorImpl.java:62)
at sun.reflect.DelegatingMethodAccessorImpl.invoke(DelegatingMethodAccessorImpl.java:43)
at java.lang.reflect.Method.invoke(Method.java:498)
at org.testng.internal.MethodInvocationHelper.invokeMethod(MethodInvocationHelper.java:132)
at org.testng.internal.TestInvoker.invokeMethod(TestInvoker.java:599)
at org.testng.internal.TestInvoker.invokeTestMethod(TestInvoker.java:174)
at org.testng.internal.MethodRunner.runInSequence(MethodRunner.java:46)
at org.testng.internal.TestInvoker$MethodInvocationAgent.invoke(TestInvoker.java:822)
at org.testng.internal.TestInvoker.invokeTestMethods(TestInvoker.java:147)
at org.testng.internal.TestMethodWorker.invokeTestMethods(TestMethodWorker.java:146)
at org.testng.internal.TestMethodWorker.run(TestMethodWorker.java:128)
at java.util.ArrayList.forEach(ArrayList.java:1259)
at org.testng.TestRunner.privateRun(TestRunner.java:764)
at org.testng.TestRunner.run(TestRunner.java:585)
at org.testng.SuiteRunner.runTest(SuiteRunner.java:384)
at org.testng.SuiteRunner.runSequentially(SuiteRunner.java:378)
at org.testng.SuiteRunner.privateRun(SuiteRunner.java:337)
at org.testng.SuiteRunner.run(SuiteRunner.java:286)
at org.testng.SuiteRunnerWorker.runSuite(SuiteRunnerWorker.java:53)
at org.testng.SuiteRunnerWorker.run(SuiteRunnerWorker.java:96)
at org.testng.TestNG.runSuitesSequentially(TestNG.java:1218)
at org.testng.TestNG.runSuitesLocally(TestNG.java:1140)
at org.testng.TestNG.runSuites(TestNG.java:1069)
at org.testng.TestNG.run(TestNG.java:1037)
at org.testng.remote.AbstractRemoteTestNG.run(AbstractRemoteTestNG.java:115)
at org.testng.remote.RemoteTestNG.initAndRun(RemoteTestNG.java:251)
at org.testng.remote.RemoteTestNG.main(RemoteTestNG.java:77)
]]>
    </failure>
  </testcase> <!-- addNewCategorywithonlyTitleandnorankers -->
  <system-out/>
  <testcase name="addNewRankwithoutathlete" time="8.904" classname="com.atlas.automation.tests.AthleteRankingsPageTest"/>
  <system-out/>
  <testcase name="addNewRank" time="11.627" classname="com.atlas.automation.tests.AthleteRankingsPageTest"/>
  <system-out/>
  <testcase name="checkHindiLocale" time="3.271" classname="com.atlas.automation.tests.AthleteRankingsPageTest"/>
  <system-out/>
  <testcase name="checkBahasaLocale" time="5.284" classname="com.atlas.automation.tests.AthleteRankingsPageTest"/>
  <system-out/>
  <testcase name="checkKhmerLocale" time="3.597" classname="com.atlas.automation.tests.AthleteRankingsPageTest"/>
  <system-out/>
  <testcase name="duplicateAthleteAddition" time="5.156" classname="com.atlas.automation.tests.AthleteRankingsPageTest"/>
  <system-out/>
  <testcase name="deleteRank" time="19.538" classname="com.atlas.automation.tests.AthleteRankingsPageTest"/>
  <system-out/>
  <testcase name="cancelRank" time="4.972" classname="com.atlas.automation.tests.AthleteRankingsPageTest"/>
  <system-out/>
  <testcase name="removeChampion" time="4.717" classname="com.atlas.automation.tests.AthleteRankingsPageTest">
    <error type="org.openqa.selenium.ElementClickInterceptedException" message="element click intercepted: Element &lt;span class=&quot;MuiButton-label&quot;&gt;...&lt;/span&gt; is not clickable at point (1456, 214). Other element would receive the click: &lt;div class=&quot;MuiGrid-root MuiGrid-item&quot;&gt;...&lt;/div&gt;
  (Session info: chrome=92.0.4515.159)
Build info: version: &#039;3.141.59&#039;, revision: &#039;e82be7d358&#039;, time: &#039;2018-11-14T08:17:03&#039;
System info: host: &#039;ONEs-MacBook-Pro.local&#039;, ip: &#039;2406:7400:73:ea15:817a:be28:8ee4:89aa%en0&#039;, os.name: &#039;Mac OS X&#039;, os.arch: &#039;x86_64&#039;, os.version: &#039;10.16&#039;, java.version: &#039;1.8.0_261&#039;
Driver info: org.openqa.selenium.chrome.ChromeDriver
Capabilities {acceptInsecureCerts: false, browserName: chrome, browserVersion: 92.0.4515.159, chrome: {chromedriverVersion: 91.0.4472.101 (af52a90bf870..., userDataDir: /var/folders/2l/293xf3k53ys...}, goog:chromeOptions: {debuggerAddress: localhost:55482}, javascriptEnabled: true, networkConnectionEnabled: false, pageLoadStrategy: normal, platform: MAC, platformName: MAC, proxy: Proxy(), setWindowRect: true, strictFileInteractability: false, timeouts: {implicit: 0, pageLoad: 300000, script: 30000}, unhandledPromptBehavior: dismiss and notify, webauthn:extension:largeBlob: true, webauthn:virtualAuthenticators: true}
Session ID: a2a0fdbde95d67142a729f68020b56a1">
      <![CDATA[org.openqa.selenium.ElementClickInterceptedException: element click intercepted: Element <span class="MuiButton-label">...</span> is not clickable at point (1456, 214). Other element would receive the click: <div class="MuiGrid-root MuiGrid-item">...</div>
  (Session info: chrome=92.0.4515.159)
Build info: version: '3.141.59', revision: 'e82be7d358', time: '2018-11-14T08:17:03'
System info: host: 'ONEs-MacBook-Pro.local', ip: '2406:7400:73:ea15:817a:be28:8ee4:89aa%en0', os.name: 'Mac OS X', os.arch: 'x86_64', os.version: '10.16', java.version: '1.8.0_261'
Driver info: org.openqa.selenium.chrome.ChromeDriver
Capabilities {acceptInsecureCerts: false, browserName: chrome, browserVersion: 92.0.4515.159, chrome: {chromedriverVersion: 91.0.4472.101 (af52a90bf870..., userDataDir: /var/folders/2l/293xf3k53ys...}, goog:chromeOptions: {debuggerAddress: localhost:55482}, javascriptEnabled: true, networkConnectionEnabled: false, pageLoadStrategy: normal, platform: MAC, platformName: MAC, proxy: Proxy(), setWindowRect: true, strictFileInteractability: false, timeouts: {implicit: 0, pageLoad: 300000, script: 30000}, unhandledPromptBehavior: dismiss and notify, webauthn:extension:largeBlob: true, webauthn:virtualAuthenticators: true}
Session ID: a2a0fdbde95d67142a729f68020b56a1
at sun.reflect.NativeConstructorAccessorImpl.newInstance0(Native Method)
at sun.reflect.NativeConstructorAccessorImpl.newInstance(NativeConstructorAccessorImpl.java:62)
at sun.reflect.DelegatingConstructorAccessorImpl.newInstance(DelegatingConstructorAccessorImpl.java:45)
at java.lang.reflect.Constructor.newInstance(Constructor.java:423)
at org.openqa.selenium.remote.http.W3CHttpResponseCodec.createException(W3CHttpResponseCodec.java:187)
at org.openqa.selenium.remote.http.W3CHttpResponseCodec.decode(W3CHttpResponseCodec.java:122)
at org.openqa.selenium.remote.http.W3CHttpResponseCodec.decode(W3CHttpResponseCodec.java:49)
at org.openqa.selenium.remote.HttpCommandExecutor.execute(HttpCommandExecutor.java:158)
at org.openqa.selenium.remote.service.DriverCommandExecutor.execute(DriverCommandExecutor.java:83)
at org.openqa.selenium.remote.RemoteWebDriver.execute(RemoteWebDriver.java:552)
at org.openqa.selenium.remote.RemoteWebElement.execute(RemoteWebElement.java:285)
at org.openqa.selenium.remote.RemoteWebElement.click(RemoteWebElement.java:84)
at sun.reflect.GeneratedMethodAccessor5.invoke(Unknown Source)
at sun.reflect.DelegatingMethodAccessorImpl.invoke(DelegatingMethodAccessorImpl.java:43)
at java.lang.reflect.Method.invoke(Method.java:498)
at org.openqa.selenium.support.events.EventFiringWebDriver$EventFiringWebElement.lambda$new$0(EventFiringWebDriver.java:404)
at com.sun.proxy.$Proxy13.click(Unknown Source)
at org.openqa.selenium.support.events.EventFiringWebDriver$EventFiringWebElement.click(EventFiringWebDriver.java:417)
at sun.reflect.GeneratedMethodAccessor5.invoke(Unknown Source)
at sun.reflect.DelegatingMethodAccessorImpl.invoke(DelegatingMethodAccessorImpl.java:43)
at java.lang.reflect.Method.invoke(Method.java:498)
at org.openqa.selenium.support.pagefactory.internal.LocatingElementHandler.invoke(LocatingElementHandler.java:51)
at com.sun.proxy.$Proxy11.click(Unknown Source)
at com.atlas.automation.actions.WebdriverActions.waitForElementToBeClickable(WebdriverActions.java:56)
at com.atlas.automation.pages.AthleteRankingPage.editBtn(AthleteRankingPage.java:392)
at com.atlas.automation.tests.AthleteRankingsPageTest.removeChampion(AthleteRankingsPageTest.java:363)
at sun.reflect.NativeMethodAccessorImpl.invoke0(Native Method)
at sun.reflect.NativeMethodAccessorImpl.invoke(NativeMethodAccessorImpl.java:62)
at sun.reflect.DelegatingMethodAccessorImpl.invoke(DelegatingMethodAccessorImpl.java:43)
at java.lang.reflect.Method.invoke(Method.java:498)
at org.testng.internal.MethodInvocationHelper.invokeMethod(MethodInvocationHelper.java:132)
at org.testng.internal.TestInvoker.invokeMethod(TestInvoker.java:599)
at org.testng.internal.TestInvoker.invokeTestMethod(TestInvoker.java:174)
at org.testng.internal.MethodRunner.runInSequence(MethodRunner.java:46)
at org.testng.internal.TestInvoker$MethodInvocationAgent.invoke(TestInvoker.java:822)
at org.testng.internal.TestInvoker.invokeTestMethods(TestInvoker.java:147)
at org.testng.internal.TestMethodWorker.invokeTestMethods(TestMethodWorker.java:146)
at org.testng.internal.TestMethodWorker.run(TestMethodWorker.java:128)
at java.util.ArrayList.forEach(ArrayList.java:1259)
at org.testng.TestRunner.privateRun(TestRunner.java:764)
at org.testng.TestRunner.run(TestRunner.java:585)
at org.testng.SuiteRunner.runTest(SuiteRunner.java:384)
at org.testng.SuiteRunner.runSequentially(SuiteRunner.java:378)
at org.testng.SuiteRunner.privateRun(SuiteRunner.java:337)
at org.testng.SuiteRunner.run(SuiteRunner.java:286)
at org.testng.SuiteRunnerWorker.runSuite(SuiteRunnerWorker.java:53)
at org.testng.SuiteRunnerWorker.run(SuiteRunnerWorker.java:96)
at org.testng.TestNG.runSuitesSequentially(TestNG.java:1218)
at org.testng.TestNG.runSuitesLocally(TestNG.java:1140)
at org.testng.TestNG.runSuites(TestNG.java:1069)
at org.testng.TestNG.run(TestNG.java:1037)
at org.testng.remote.AbstractRemoteTestNG.run(AbstractRemoteTestNG.java:115)
at org.testng.remote.RemoteTestNG.initAndRun(RemoteTestNG.java:251)
at org.testng.remote.RemoteTestNG.main(RemoteTestNG.java:77)
]]>
    </error>
  </testcase> <!-- removeChampion -->
  <system-out/>
  <testcase name="addNewRankwithoutchampion" time="6.591" classname="com.atlas.automation.tests.AthleteRankingsPageTest"/>
  <system-out/>
  <testcase name="rankedit" time="11.614" classname="com.atlas.automation.tests.AthleteRankingsPageTest"/>
  <system-out/>
  <testcase name="reoderPopup" time="0.581" classname="com.atlas.automation.tests.AthleteRankingsPageTest"/>
  <system-out/>
  <testcase name="athleteClick" time="0.910" classname="com.atlas.automation.tests.AthleteRankingsPageTest"/>
  <system-out/>
  <testcase name="deleteRankcancel" time="3.490" classname="com.atlas.automation.tests.AthleteRankingsPageTest"/>
  <system-out/>
  <testcase name="alternateAthleteBioImageSelection" time="0.321" classname="com.atlas.automation.tests.AthleteRankingsPageTest"/>
  <system-out/>
  <testcase name="categoryEdit" time="7.938" classname="com.atlas.automation.tests.AthleteRankingsPageTest"/>
  <system-out/>
</testsuite> <!-- com.atlas.automation.tests.AthleteRankingsPageTest -->
