<?xml version="1.0" encoding="UTF-8"?>
<!-- Generated by org.testng.reporters.JUnitReportReporter -->
<testsuite skipped="4" hostname="ONEs-MacBook-Pro.local" name="com.ONESuperApp.tests.android.AthletesTabTest" tests="5" failures="0" timestamp="2021-08-25T20:36:25 IST" time="3.595" errors="1">
  <testcase name="appLuanch" time="3.595" classname="com.ONESuperApp.tests.android.AthletesTabTest">
    <error type="org.openqa.selenium.WebDriverException" message="[BROWSERSTACK_INVALID_DEVICE] Incorrect device name &#039;7dd14af7&#039; specified for the &#039;device&#039; capability. To view the list of available devices and configure the value for &#039;device&#039; capability, visit our capability builder - https://www.browserstack.com/app-automate/capabilities (WARNING: The server did not provide any stacktrace information)
Command duration or timeout: 3.03 seconds
Build info: version: &#039;3.141.59&#039;, revision: &#039;e82be7d358&#039;, time: &#039;2018-11-14T08:17:03&#039;
System info: host: &#039;ONEs-MacBook-Pro.local&#039;, ip: &#039;2406:7400:73:ea15:e5d0:2a94:c3d2:bed5%en0&#039;, os.name: &#039;Mac OS X&#039;, os.arch: &#039;x86_64&#039;, os.version: &#039;10.16&#039;, java.version: &#039;1.8.0_261&#039;
Driver info: driver.version: RemoteWebDriver">
      <![CDATA[org.openqa.selenium.WebDriverException: [BROWSERSTACK_INVALID_DEVICE] Incorrect device name '7dd14af7' specified for the 'device' capability. To view the list of available devices and configure the value for 'device' capability, visit our capability builder - https://www.browserstack.com/app-automate/capabilities (WARNING: The server did not provide any stacktrace information)
Command duration or timeout: 3.03 seconds
Build info: version: '3.141.59', revision: 'e82be7d358', time: '2018-11-14T08:17:03'
System info: host: 'ONEs-MacBook-Pro.local', ip: '2406:7400:73:ea15:e5d0:2a94:c3d2:bed5%en0', os.name: 'Mac OS X', os.arch: 'x86_64', os.version: '10.16', java.version: '1.8.0_261'
Driver info: driver.version: RemoteWebDriver
at sun.reflect.NativeConstructorAccessorImpl.newInstance0(Native Method)
at sun.reflect.NativeConstructorAccessorImpl.newInstance(NativeConstructorAccessorImpl.java:62)
at sun.reflect.DelegatingConstructorAccessorImpl.newInstance(DelegatingConstructorAccessorImpl.java:45)
at java.lang.reflect.Constructor.newInstance(Constructor.java:423)
at org.openqa.selenium.remote.ErrorHandler.createThrowable(ErrorHandler.java:214)
at org.openqa.selenium.remote.ErrorHandler.throwIfResponseFailed(ErrorHandler.java:166)
at org.openqa.selenium.remote.JsonWireProtocolResponse.lambda$errorHandler$0(JsonWireProtocolResponse.java:54)
at org.openqa.selenium.remote.HandshakeResponse.lambda$getResponseFunction$0(HandshakeResponse.java:30)
at org.openqa.selenium.remote.ProtocolHandshake.lambda$createSession$0(ProtocolHandshake.java:126)
at java.util.stream.ReferencePipeline$3$1.accept(ReferencePipeline.java:193)
at java.util.Spliterators$ArraySpliterator.tryAdvance(Spliterators.java:958)
at java.util.stream.ReferencePipeline.forEachWithCancel(ReferencePipeline.java:126)
at java.util.stream.AbstractPipeline.copyIntoWithCancel(AbstractPipeline.java:499)
at java.util.stream.AbstractPipeline.copyInto(AbstractPipeline.java:486)
at java.util.stream.AbstractPipeline.wrapAndCopyInto(AbstractPipeline.java:472)
at java.util.stream.FindOps$FindOp.evaluateSequential(FindOps.java:152)
at java.util.stream.AbstractPipeline.evaluate(AbstractPipeline.java:234)
at java.util.stream.ReferencePipeline.findFirst(ReferencePipeline.java:464)
at org.openqa.selenium.remote.ProtocolHandshake.createSession(ProtocolHandshake.java:128)
at org.openqa.selenium.remote.ProtocolHandshake.createSession(ProtocolHandshake.java:74)
at org.openqa.selenium.remote.HttpCommandExecutor.execute(HttpCommandExecutor.java:136)
at org.openqa.selenium.remote.RemoteWebDriver.execute(RemoteWebDriver.java:552)
at org.openqa.selenium.remote.RemoteWebDriver.startSession(RemoteWebDriver.java:213)
at org.openqa.selenium.remote.RemoteWebDriver.<init>(RemoteWebDriver.java:131)
at org.openqa.selenium.remote.RemoteWebDriver.<init>(RemoteWebDriver.java:144)
at com.ONESuperApp.base.AppiumBaseClass.Androidcapabilities(AppiumBaseClass.java:57)
at com.ONESuperApp.tests.android.AthletesTabTest.appLuanch(AthletesTabTest.java:22)
at sun.reflect.NativeMethodAccessorImpl.invoke0(Native Method)
at sun.reflect.NativeMethodAccessorImpl.invoke(NativeMethodAccessorImpl.java:62)
at sun.reflect.DelegatingMethodAccessorImpl.invoke(DelegatingMethodAccessorImpl.java:43)
at java.lang.reflect.Method.invoke(Method.java:498)
at org.testng.internal.MethodInvocationHelper.invokeMethod(MethodInvocationHelper.java:132)
at org.testng.internal.MethodInvocationHelper.invokeMethodConsideringTimeout(MethodInvocationHelper.java:61)
at org.testng.internal.ConfigInvoker.invokeConfigurationMethod(ConfigInvoker.java:366)
at org.testng.internal.ConfigInvoker.invokeConfigurations(ConfigInvoker.java:320)
at org.testng.internal.TestMethodWorker.invokeBeforeClassMethods(TestMethodWorker.java:176)
at org.testng.internal.TestMethodWorker.run(TestMethodWorker.java:122)
at java.util.ArrayList.forEach(ArrayList.java:1259)
at org.testng.TestRunner.privateRun(TestRunner.java:764)
at org.testng.TestRunner.run(TestRunner.java:585)
at org.testng.SuiteRunner.runTest(SuiteRunner.java:384)
at org.testng.SuiteRunner.runSequentially(SuiteRunner.java:378)
at org.testng.SuiteRunner.privateRun(SuiteRunner.java:337)
at org.testng.SuiteRunner.run(SuiteRunner.java:286)
at org.testng.SuiteRunnerWorker.runSuite(SuiteRunnerWorker.java:53)
at org.testng.SuiteRunnerWorker.run(SuiteRunnerWorker.java:96)
at org.testng.TestNG.runSuitesSequentially(TestNG.java:1218)
at org.testng.TestNG.runSuitesLocally(TestNG.java:1140)
at org.testng.TestNG.runSuites(TestNG.java:1069)
at org.testng.TestNG.run(TestNG.java:1037)
at org.testng.remote.AbstractRemoteTestNG.run(AbstractRemoteTestNG.java:115)
at org.testng.remote.RemoteTestNG.initAndRun(RemoteTestNG.java:251)
at org.testng.remote.RemoteTestNG.main(RemoteTestNG.java:77)
]]>
    </error>
  </testcase> <!-- appLuanch -->
  <system-out/>
  <testcase name="athletesTabclick" time="0.000" classname="com.ONESuperApp.tests.android.AthletesTabTest">
    <skipped/>
  </testcase> <!-- athletesTabclick -->
  <system-out/>
  <testcase name="championsTabNavigationTest" time="0.000" classname="com.ONESuperApp.tests.android.AthletesTabTest">
    <skipped/>
  </testcase> <!-- championsTabNavigationTest -->
  <system-out/>
  <testcase name="allAthletesTabNavigationTest" time="0.000" classname="com.ONESuperApp.tests.android.AthletesTabTest">
    <skipped/>
  </testcase> <!-- allAthletesTabNavigationTest -->
  <system-out/>
  <testcase name="oneRankingsTabNavigationTest" time="0.000" classname="com.ONESuperApp.tests.android.AthletesTabTest">
    <skipped/>
  </testcase> <!-- oneRankingsTabNavigationTest -->
  <system-out/>
</testsuite> <!-- com.ONESuperApp.tests.android.AthletesTabTest -->
